13:09:46 [vite-plugin-svelte] src/lib/features/menu/molecules/TodaysMenu.svelte:53:3 Using `on:click` to listen to the click event is deprecated. Use the event attribute `onclick` instead
https://svelte.dev/e/event_directive_deprecated
{"numTotalTestSuites":26,"numPassedTestSuites":26,"numFailedTestSuites":0,"numPendingTestSuites":0,"numTotalTests":45,"numPassedTests":45,"numFailedTests":0,"numPendingTests":0,"numTodoTests":0,"snapshot":{"added":0,"failure":false,"filesAdded":0,"filesRemoved":0,"filesRemovedList":[],"filesUnmatched":0,"filesUpdated":0,"matched":0,"total":0,"unchecked":0,"uncheckedKeysByFile":[],"unmatched":0,"updated":0,"didUpdate":false},"startTime":1773403662782,"success":true,"testResults":[{"assertionResults":[{"ancestorTitles":["Login page component"],"fullName":"Login page component submitting email calls authStore.requestOTP and transitions to OTP step","status":"passed","title":"submitting email calls authStore.requestOTP and transitions to OTP step","duration":192.40269999999873,"failureMessages":[],"meta":{}},{"ancestorTitles":["Login page component"],"fullName":"Login page component submitting otp calls authStore.login and navigates on success","status":"passed","title":"submitting otp calls authStore.login and navigates on success","duration":1055.9321999999993,"failureMessages":[],"meta":{}}],"startTime":1773403670852,"endTime":1773403672100.9321,"status":"passed","message":"","name":"D:/Git/GoPayShortcuts/frontend/src/routes/login/+page.svelte.spec.ts"},{"assertionResults":[{"ancestorTitles":["Button component"],"fullName":"Button component renders slot content","status":"passed","title":"renders slot content","duration":121.3091000000004,"failureMessages":[],"meta":{}},{"ancestorTitles":["Button component"],"fullName":"Button component calls onclick when clicked and respects disabled state","status":"passed","title":"calls onclick when clicked and respects disabled state","duration":255.183,"failureMessages":[],"meta":{}}],"startTime":1773403670081,"endTime":1773403670457.183,"status":"passed","message":"","name":"D:/Git/GoPayShortcuts/frontend/src/lib/components/atoms/Button.svelte.spec.ts"},{"assertionResults":[{"ancestorTitles":["Card.svelte"],"fullName":"Card.svelte renders slot content and respects muted prop","status":"passed","title":"renders slot content and respects muted prop","duration":81.89530000000013,"failureMessages":[],"meta":{}}],"startTime":1773403670004,"endTime":1773403670085.8953,"status":"passed","message":"","name":"D:/Git/GoPayShortcuts/frontend/src/lib/components/atoms/Card.svelte.spec.ts"},{"assertionResults":[{"ancestorTitles":["Icon.svelte"],"fullName":"Icon.svelte renders an svg for known icon name","status":"passed","title":"renders an svg for known icon name","duration":80.08529999999155,"failureMessages":[],"meta":{}},{"ancestorTitles":["Icon.svelte"],"fullName":"Icon.svelte renders right chevron for right name","status":"passed","title":"renders right chevron for right name","duration":12.635299999994459,"failureMessages":[],"meta":{}}],"startTime":1773403785106,"endTime":1773403785198.6353,"status":"passed","message":"","name":"D:/Git/GoPayShortcuts/frontend/src/lib/components/atoms/Icon.svelte.spec.ts"},{"assertionResults":[{"ancestorTitles":["Quantity.svelte"],"fullName":"Quantity.svelte calls onChange when increment and decrement buttons clicked","status":"passed","title":"calls onChange when increment and decrement buttons clicked","duration":239.9320999999909,"failureMessages":[],"meta":{}},{"ancestorTitles":["Quantity.svelte"],"fullName":"Quantity.svelte does not call onChange when disabled or at bounds","status":"passed","title":"does not call onChange when disabled or at bounds","duration":40.47420000001148,"failureMessages":[],"meta":{}}],"startTime":1773403785106,"endTime":1773403785386.474,"status":"passed","message":"","name":"D:/Git/GoPayShortcuts/frontend/src/lib/components/atoms/Quantity.svelte.spec.ts"},{"assertionResults":[{"ancestorTitles":["Select.svelte"],"fullName":"Select.svelte renders options and calls onChange","status":"passed","title":"renders options and calls onChange","duration":89.55619999999999,"failureMessages":[],"meta":{}}],"startTime":1773403669443,"endTime":1773403669532.5562,"status":"passed","message":"","name":"D:/Git/GoPayShortcuts/frontend/src/lib/components/atoms/Select.svelte.spec.ts"},{"assertionResults":[{"ancestorTitles":["ApiClient.request"],"fullName":"ApiClient.request parses JSON when response is ok","status":"passed","title":"parses JSON when response is ok","duration":2802.5609999999997,"failureMessages":[],"meta":{}},{"ancestorTitles":["ApiClient.request"],"fullName":"ApiClient.request returns {} for 204 No Content","status":"passed","title":"returns {} for 204 No Content","duration":2.292699999999968,"failureMessages":[],"meta":{}},{"ancestorTitles":["ApiClient.request"],"fullName":"ApiClient.request returns Error when response not ok","status":"passed","title":"returns Error when response not ok","duration":1.4942000000010012,"failureMessages":[],"meta":{}},{"ancestorTitles":["ApiClient.request"],"fullName":"ApiClient.request adds Authorization header when token present","status":"passed","title":"adds Authorization header when token present","duration":2.5282999999999447,"failureMessages":[],"meta":{}}],"startTime":1773403668306,"endTime":1773403671115.5283,"status":"passed","message":"","name":"D:/Git/GoPayShortcuts/frontend/src/lib/core/api/apiClient.svelte.spec.ts"},{"assertionResults":[{"ancestorTitles":["MenuService"],"fullName":"MenuService returns menu on success","status":"passed","title":"returns menu on success","duration":11.333200000000033,"failureMessages":[],"meta":{}},{"ancestorTitles":["MenuService"],"fullName":"MenuService throws and notifies on Error","status":"passed","title":"throws and notifies on Error","duration":22.028800000000047,"failureMessages":[],"meta":{}}],"startTime":1773403668397,"endTime":1773403668433.0288,"status":"passed","message":"","name":"D:/Git/GoPayShortcuts/frontend/src/lib/features/menu/menuService.svelte.spec.ts"},{"assertionResults":[{"ancestorTitles":["navigationStore"],"fullName":"navigationStore nextDay skips weekend (Friday -> Monday)","status":"passed","title":"nextDay skips weekend (Friday -> Monday)","duration":11.457800000000134,"failureMessages":[],"meta":{}},{"ancestorTitles":["navigationStore"],"fullName":"navigationStore prevDay skips weekend (Monday -> Friday)","status":"passed","title":"prevDay skips weekend (Monday -> Friday)","duration":1.839799999999741,"failureMessages":[],"meta":{}},{"ancestorTitles":["navigationStore"],"fullName":"navigationStore toggleMenu toggles collapsed state for a date","status":"passed","title":"toggleMenu toggles collapsed state for a date","duration":0.8586999999997715,"failureMessages":[],"meta":{}},{"ancestorTitles":["navigationStore"],"fullName":"navigationStore collapseMenu and expandMenu update current date key","status":"passed","title":"collapseMenu and expandMenu update current date key","duration":0.7274999999999636,"failureMessages":[],"meta":{}},{"ancestorTitles":["navigationStore"],"fullName":"navigationStore setDate updates currentDate","status":"passed","title":"setDate updates currentDate","duration":0.4151000000001659,"failureMessages":[],"meta":{}}],"startTime":1773403668377,"endTime":1773403668392.7275,"status":"passed","message":"","name":"D:/Git/GoPayShortcuts/frontend/src/lib/features/navigation/store.svelte.spec.ts"},{"assertionResults":[{"ancestorTitles":["defaultStore"],"fullName":"defaultStore listTemplates returns empty when none","status":"passed","title":"listTemplates returns empty when none","duration":6.912000000000262,"failureMessages":[],"meta":{}},{"ancestorTitles":["defaultStore"],"fullName":"defaultStore createTemplate persists and getTemplate retrieves it","status":"passed","title":"createTemplate persists and getTemplate retrieves it","duration":10.211199999999735,"failureMessages":[],"meta":{}},{"ancestorTitles":["defaultStore"],"fullName":"defaultStore updateTemplate updates fields and updatedAt","status":"passed","title":"updateTemplate updates fields and updatedAt","duration":2.9836999999997715,"failureMessages":[],"meta":{}},{"ancestorTitles":["defaultStore"],"fullName":"defaultStore deleteTemplate removes template and clears preferred entries referencing it","status":"passed","title":"deleteTemplate removes template and clears preferred entries referencing it","duration":0.9140000000006694,"failureMessages":[],"meta":{}},{"ancestorTitles":["defaultStore"],"fullName":"defaultStore setPreferredForWeekday writes preferred map","status":"passed","title":"setPreferredForWeekday writes preferred map","duration":1.2530000000006112,"failureMessages":[],"meta":{}},{"ancestorTitles":["defaultStore"],"fullName":"defaultStore getPreferredForWeekday returns legacy template when no pref and legacy exists","status":"passed","title":"getPreferredForWeekday returns legacy template when no pref and legacy exists","duration":0.8006999999997788,"failureMessages":[],"meta":{}},{"ancestorTitles":["defaultStore"],"fullName":"defaultStore getTemplateForDateAndKitchen returns template when preferred set","status":"passed","title":"getTemplateForDateAndKitchen returns template when preferred set","duration":1.519800000000032,"failureMessages":[],"meta":{}},{"ancestorTitles":["defaultStore"],"fullName":"defaultStore hasPersistedTemplateForDateAndKitchen returns true when template exists","status":"passed","title":"hasPersistedTemplateForDateAndKitchen returns true when template exists","duration":1.0577999999995882,"failureMessages":[],"meta":{}},{"ancestorTitles":["defaultStore"],"fullName":"defaultStore saveDefault creates a template and sets preferred when valid","status":"passed","title":"saveDefault creates a template and sets preferred when valid","duration":2.9711999999999534,"failureMessages":[],"meta":{}},{"ancestorTitles":["defaultStore"],"fullName":"defaultStore saveDefault throws on invalid order","status":"passed","title":"saveDefault throws on invalid order","duration":2.7076999999999316,"failureMessages":[],"meta":{}}],"startTime":1773403668465,"endTime":1773403668496.7078,"status":"passed","message":"","name":"D:/Git/GoPayShortcuts/frontend/src/lib/features/orders/defaultStore.svelte.spec.ts"},{"assertionResults":[{"ancestorTitles":["OrdersService"],"fullName":"OrdersService throws when fetchOrderIdsForPeriod returns an Error","status":"passed","title":"throws when fetchOrderIdsForPeriod returns an Error","duration":33.0631999999996,"failureMessages":[],"meta":{}},{"ancestorTitles":["OrdersService"],"fullName":"OrdersService throws when any details chunk returns an Error","status":"passed","title":"throws when any details chunk returns an Error","duration":1.6642999999994572,"failureMessages":[],"meta":{}},{"ancestorTitles":["OrdersService"],"fullName":"OrdersService filters refunds/credit-notes and aggregates order lines","status":"passed","title":"filters refunds/credit-notes and aggregates order lines","duration":9.399000000000342,"failureMessages":[],"meta":{}},{"ancestorTitles":["OrdersService"],"fullName":"OrdersService updateDay returns orders when apiClient returns data","status":"passed","title":"updateDay returns orders when apiClient returns data","duration":4.518599999999424,"failureMessages":[],"meta":{}},{"ancestorTitles":["OrdersService"],"fullName":"OrdersService updateDay throws and notifies on Error","status":"passed","title":"updateDay throws and notifies on Error","duration":4.030999999999949,"failureMessages":[],"meta":{}}],"startTime":1773403668435,"endTime":1773403668488.031,"status":"passed","message":"","name":"D:/Git/GoPayShortcuts/frontend/src/lib/features/orders/ordersService.svelte.spec.ts"},{"assertionResults":[{"ancestorTitles":["orderUtils"],"fullName":"orderUtils toRecord groups orders by date","status":"passed","title":"toRecord groups orders by date","duration":10.373800000000301,"failureMessages":[],"meta":{}},{"ancestorTitles":["orderUtils"],"fullName":"orderUtils ordersByDay returns orders for the given date","status":"passed","title":"ordersByDay returns orders for the given date","duration":2.825300000000425,"failureMessages":[],"meta":{}},{"ancestorTitles":["orderUtils"],"fullName":"orderUtils templateOrderToSimplifiedOrder formats date and fields","status":"passed","title":"templateOrderToSimplifiedOrder formats date and fields","duration":0.9619999999995343,"failureMessages":[],"meta":{}},{"ancestorTitles":["orderUtils"],"fullName":"orderUtils updateOrderForKitchen replaces existing kitchen entries for the date","status":"passed","title":"updateOrderForKitchen replaces existing kitchen entries for the date","duration":0.8549000000002707,"failureMessages":[],"meta":{}},{"ancestorTitles":["orderUtils"],"fullName":"orderUtils handleCancel removes orders for a kitchen on a date","status":"passed","title":"handleCancel removes orders for a kitchen on a date","duration":1.1395999999995183,"failureMessages":[],"meta":{}},{"ancestorTitles":["orderUtils"],"fullName":"orderUtils handleOrderChange applies new orders into the record","status":"passed","title":"handleOrderChange applies new orders into the record","duration":0.9471000000003187,"failureMessages":[],"meta":{}},{"ancestorTitles":["orderUtils"],"fullName":"orderUtils listOrders calls ordersService.listOrders and returns a record","status":"passed","title":"listOrders calls ordersService.listOrders and returns a record","duration":1.732199999999466,"failureMessages":[],"meta":{}}],"startTime":1773403671093,"endTime":1773403671112.7322,"status":"passed","message":"","name":"D:/Git/GoPayShortcuts/frontend/src/lib/features/orders/orderUtils.svelte.spec.ts"},{"assertionResults":[{"ancestorTitles":["AuthForm helper behaviour (trim & otp transform)"],"fullName":"AuthForm helper behaviour (trim & otp transform) trims email input value (simulated transform)","status":"passed","title":"trims email input value (simulated transform)","duration":2.42029999999977,"failureMessages":[],"meta":{}},{"ancestorTitles":["AuthForm helper behaviour (trim & otp transform)"],"fullName":"AuthForm helper behaviour (trim & otp transform) strips non-digits from otp (simulated transform)","status":"passed","title":"strips non-digits from otp (simulated transform)","duration":0.8423999999995431,"failureMessages":[],"meta":{}}],"startTime":1773403668287,"endTime":1773403668290.8423,"status":"passed","message":"","name":"D:/Git/GoPayShortcuts/frontend/src/lib/features/auth/organisms/AuthForm.svelte.spec.ts"}],"coverageMap":{"D:\\Git\\GoPayShortcuts\\frontend\\src\\lib\\components\\atoms\\Button.svelte":{"path":"D:\\Git\\GoPayShortcuts\\frontend\\src\\lib\\components\\atoms\\Button.svelte","all":false,"statementMap":{"0":{"start":{"line":1,"column":0},"end":{"line":1,"column":18}},"7":{"start":{"line":8,"column":0},"end":{"line":8,"column":33}},"8":{"start":{"line":9,"column":0},"end":{"line":9,"column":25}},"9":{"start":{"line":10,"column":0},"end":{"line":10,"column":30}},"10":{"start":{"line":11,"column":0},"end":{"line":11,"column":29}},"11":{"start":{"line":12,"column":0},"end":{"line":12,"column":31}},"12":{"start":{"line":13,"column":0},"end":{"line":13,"column":28}},"13":{"start":{"line":14,"column":0},"end":{"line":14,"column":28}},"14":{"start":{"line":15,"column":0},"end":{"line":15,"column":33}},"15":{"start":{"line":16,"column":0},"end":{"line":16,"column":33}},"16":{"start":{"line":17,"column":0},"end":{"line":17,"column":32}},"18":{"start":{"line":19,"column":0},"end":{"line":19,"column":51}},"19":{"start":{"line":20,"column":0},"end":{"line":20,"column":12}},"20":{"start":{"line":21,"column":0},"end":{"line":21,"column":124}},"21":{"start":{"line":22,"column":0},"end":{"line":22,"column":14}},"22":{"start":{"line":23,"column":0},"end":{"line":23,"column":130}},"23":{"start":{"line":24,"column":0},"end":{"line":24,"column":11}},"24":{"start":{"line":25,"column":0},"end":{"line":25,"column":121}},"25":{"start":{"line":26,"column":0},"end":{"line":26,"column":70}},"28":{"start":{"line":29,"column":0},"end":{"line":29,"column":45}},"29":{"start":{"line":30,"column":0},"end":{"line":30,"column":28}},"30":{"start":{"line":31,"column":0},"end":{"line":31,"column":28}},"31":{"start":{"line":32,"column":0},"end":{"line":32,"column":28}},"32":{"start":{"line":33,"column":0},"end":{"line":33,"column":26}},"33":{"start":{"line":34,"column":0},"end":{"line":34,"column":13}},"36":{"start":{"line":37,"column":0},"end":{"line":37,"column":22}},"37":{"start":{"line":38,"column":0},"end":{"line":38,"column":28}},"38":{"start":{"line":39,"column":0},"end":{"line":39,"column":22}},"39":{"start":{"line":40,"column":0},"end":{"line":40,"column":127}},"40":{"start":{"line":41,"column":0},"end":{"line":41,"column":37}},"41":{"start":{"line":42,"column":0},"end":{"line":42,"column":30}},"42":{"start":{"line":43,"column":0},"end":{"line":43,"column":13}},"43":{"start":{"line":44,"column":0},"end":{"line":44,"column":30}},"47":{"start":{"line":48,"column":0},"end":{"line":48,"column":13}},"48":{"start":{"line":49,"column":0},"end":{"line":49,"column":21}},"49":{"start":{"line":50,"column":0},"end":{"line":50,"column":88}},"50":{"start":{"line":51,"column":0},"end":{"line":51,"column":24}},"51":{"start":{"line":52,"column":0},"end":{"line":52,"column":26}},"52":{"start":{"line":53,"column":0},"end":{"line":53,"column":30}},"53":{"start":{"line":54,"column":0},"end":{"line":54,"column":20}},"54":{"start":{"line":55,"column":0},"end":{"line":55,"column":20}},"55":{"start":{"line":56,"column":0},"end":{"line":56,"column":18}}},"s":{"0":1,"7":1,"8":1,"9":1,"10":1,"11":1,"12":1,"13":1,"14":1,"15":1,"16":1,"18":1,"19":1,"20":1,"21":1,"22":1,"23":1,"24":1,"25":1,"28":1,"29":1,"30":1,"31":1,"32":1,"33":1,"36":1,"37":1,"38":1,"39":1,"40":1,"41":1,"42":1,"43":1,"47":1,"48":1,"49":1,"50":1,"51":1,"52":1,"53":1,"54":1,"55":1},"branchMap":{"0":{"type":"branch","line":41,"loc":{"start":{"line":41,"column":12},"end":{"line":41,"column":17}},"locations":[{"start":{"line":41,"column":12},"end":{"line":41,"column":17}}]},"1":{"type":"branch","line":41,"loc":{"start":{"line":41,"column":17},"end":{"line":41,"column":36}},"locations":[{"start":{"line":41,"column":17},"end":{"line":41,"column":36}}]},"2":{"type":"branch","line":42,"loc":{"start":{"line":42,"column":13},"end":{"line":42,"column":24}},"locations":[{"start":{"line":42,"column":13},"end":{"line":42,"column":24}}]},"3":{"type":"branch","line":42,"loc":{"start":{"line":42,"column":24},"end":{"line":42,"column":29}},"locations":[{"start":{"line":42,"column":24},"end":{"line":42,"column":29}}]},"4":{"type":"branch","line":50,"loc":{"start":{"line":50,"column":59},"end":{"line":50,"column":80}},"locations":[{"start":{"line":50,"column":59},"end":{"line":50,"column":80}}]},"5":{"type":"branch","line":50,"loc":{"start":{"line":50,"column":80},"end":{"line":50,"column":85}},"locations":[{"start":{"line":50,"column":80},"end":{"line":50,"column":85}}]},"6":{"type":"branch","line":53,"loc":{"start":{"line":53,"column":20},"end":{"line":53,"column":25}},"locations":[{"start":{"line":53,"column":20},"end":{"line":53,"column":25}}]},"7":{"type":"branch","line":53,"loc":{"start":{"line":53,"column":25},"end":{"line":53,"column":29}},"locations":[{"start":{"line":53,"column":25},"end":{"line":53,"column":29}}]}},"b":{"0":[7],"1":[9],"2":[9],"3":[7],"4":[4],"5":[12],"6":[7],"7":[9]},"fnMap":{},"f":{}},"D:\\Git\\GoPayShortcuts\\frontend\\src\\lib\\components\\atoms\\Card.svelte":{"path":"D:\\Git\\GoPayShortcuts\\frontend\\src\\lib\\components\\atoms\\Card.svelte","all":false,"statementMap":{"0":{"start":{"line":1,"column":0},"end":{"line":1,"column":18}},"9":{"start":{"line":10,"column":0},"end":{"line":10,"column":18}},"10":{"start":{"line":11,"column":0},"end":{"line":11,"column":17}},"11":{"start":{"line":12,"column":0},"end":{"line":12,"column":16}},"12":{"start":{"line":13,"column":0},"end":{"line":13,"column":33}},"15":{"start":{"line":16,"column":0},"end":{"line":16,"column":26}},"17":{"start":{"line":18,"column":0},"end":{"line":18,"column":50}},"18":{"start":{"line":19,"column":0},"end":{"line":19,"column":46}},"19":{"start":{"line":20,"column":0},"end":{"line":20,"column":11}},"20":{"start":{"line":21,"column":0},"end":{"line":21,"column":12}},"21":{"start":{"line":22,"column":0},"end":{"line":22,"column":13}},"25":{"start":{"line":26,"column":0},"end":{"line":26,"column":45}},"26":{"start":{"line":27,"column":0},"end":{"line":27,"column":23}}},"s":{"0":1,"9":1,"10":1,"11":1,"12":1,"15":1,"17":1,"18":1,"19":1,"20":1,"21":1,"25":1,"26":1},"branchMap":{"0":{"type":"branch","line":19,"loc":{"start":{"line":19,"column":32},"end":{"line":19,"column":45}},"locations":[{"start":{"line":19,"column":32},"end":{"line":19,"column":45}}]},"1":{"type":"branch","line":27,"loc":{"start":{"line":27,"column":10},"end":{"line":27,"column":23}},"locations":[{"start":{"line":27,"column":10},"end":{"line":27,"column":23}}]},"2":{"type":"branch","line":27,"loc":{"start":{"line":27,"column":10},"end":{"line":27,"column":23}},"locations":[{"start":{"line":27,"column":10},"end":{"line":27,"column":23}}]},"3":{"type":"branch","line":27,"loc":{"start":{"line":27,"column":18},"end":{"line":27,"column":23}},"locations":[{"start":{"line":27,"column":18},"end":{"line":27,"column":23}}]}},"b":{"0":[0],"1":[1],"2":[1],"3":[0]},"fnMap":{},"f":{}},"D:\\Git\\GoPayShortcuts\\frontend\\src\\lib\\components\\atoms\\CardHost.svelte":{"path":"D:\\Git\\GoPayShortcuts\\frontend\\src\\lib\\components\\atoms\\CardHost.svelte","all":false,"statementMap":{"0":{"start":{"line":1,"column":0},"end":{"line":1,"column":8}},"2":{"start":{"line":3,"column":0},"end":{"line":3,"column":27}},"3":{"start":{"line":4,"column":0},"end":{"line":4,"column":28}},"6":{"start":{"line":7,"column":0},"end":{"line":7,"column":32}}},"s":{"0":1,"2":1,"3":1,"6":1},"branchMap":{},"b":{},"fnMap":{},"f":{}},"D:\\Git\\GoPayShortcuts\\frontend\\src\\lib\\components\\atoms\\Icon.svelte":{"path":"D:\\Git\\GoPayShortcuts\\frontend\\src\\lib\\components\\atoms\\Icon.svelte","all":false,"statementMap":{"0":{"start":{"line":1,"column":0},"end":{"line":1,"column":18}},"37":{"start":{"line":38,"column":0},"end":{"line":38,"column":93}},"42":{"start":{"line":43,"column":0},"end":{"line":43,"column":23}},"43":{"start":{"line":44,"column":0},"end":{"line":44,"column":49}},"44":{"start":{"line":45,"column":0},"end":{"line":45,"column":44}},"46":{"start":{"line":47,"column":0},"end":{"line":47,"column":62}},"47":{"start":{"line":48,"column":0},"end":{"line":48,"column":69}},"48":{"start":{"line":49,"column":0},"end":{"line":49,"column":65}},"49":{"start":{"line":50,"column":0},"end":{"line":50,"column":65}},"50":{"start":{"line":51,"column":0},"end":{"line":51,"column":67}},"51":{"start":{"line":52,"column":0},"end":{"line":52,"column":70}},"52":{"start":{"line":53,"column":0},"end":{"line":53,"column":68}},"53":{"start":{"line":54,"column":0},"end":{"line":54,"column":63}},"54":{"start":{"line":55,"column":0},"end":{"line":55,"column":72}},"55":{"start":{"line":56,"column":0},"end":{"line":56,"column":74}},"56":{"start":{"line":57,"column":0},"end":{"line":57,"column":72}},"57":{"start":{"line":58,"column":0},"end":{"line":58,"column":74}}},"s":{"0":1,"37":1,"42":1,"43":1,"44":1,"46":1,"47":1,"48":1,"49":1,"50":1,"51":1,"52":1,"53":1,"54":1,"55":1,"56":1,"57":1},"branchMap":{"0":{"type":"branch","line":57,"loc":{"start":{"line":57,"column":26},"end":{"line":57,"column":59}},"locations":[{"start":{"line":57,"column":26},"end":{"line":57,"column":59}}]},"1":{"type":"branch","line":56,"loc":{"start":{"line":56,"column":30},"end":{"line":56,"column":61}},"locations":[{"start":{"line":56,"column":30},"end":{"line":56,"column":61}}]},"2":{"type":"branch","line":55,"loc":{"start":{"line":55,"column":26},"end":{"line":55,"column":59}},"locations":[{"start":{"line":55,"column":26},"end":{"line":55,"column":59}}]},"3":{"type":"branch","line":54,"loc":{"start":{"line":54,"column":27},"end":{"line":54,"column":50}},"locations":[{"start":{"line":54,"column":27},"end":{"line":54,"column":50}}]},"4":{"type":"branch","line":53,"loc":{"start":{"line":53,"column":29},"end":{"line":53,"column":55}},"locations":[{"start":{"line":53,"column":29},"end":{"line":53,"column":55}}]},"5":{"type":"branch","line":52,"loc":{"start":{"line":52,"column":30},"end":{"line":52,"column":57}},"locations":[{"start":{"line":52,"column":30},"end":{"line":52,"column":57}}]},"6":{"type":"branch","line":51,"loc":{"start":{"line":51,"column":27},"end":{"line":51,"column":54}},"locations":[{"start":{"line":51,"column":27},"end":{"line":51,"column":54}}]},"7":{"type":"branch","line":51,"loc":{"start":{"line":51,"column":27},"end":{"line":51,"column":54}},"locations":[{"start":{"line":51,"column":27},"end":{"line":51,"column":54}}]},"8":{"type":"branch","line":50,"loc":{"start":{"line":50,"column":26},"end":{"line":50,"column":52}},"locations":[{"start":{"line":50,"column":26},"end":{"line":50,"column":52}}]},"9":{"type":"branch","line":50,"loc":{"start":{"line":50,"column":26},"end":{"line":50,"column":52}},"locations":[{"start":{"line":50,"column":26},"end":{"line":50,"column":52}}]},"10":{"type":"branch","line":49,"loc":{"start":{"line":49,"column":26},"end":{"line":49,"column":52}},"locations":[{"start":{"line":49,"column":26},"end":{"line":49,"column":52}}]},"11":{"type":"branch","line":48,"loc":{"start":{"line":48,"column":28},"end":{"line":48,"column":56}},"locations":[{"start":{"line":48,"column":28},"end":{"line":48,"column":56}}]},"12":{"type":"branch","line":47,"loc":{"start":{"line":47,"column":21},"end":{"line":47,"column":49}},"locations":[{"start":{"line":47,"column":21},"end":{"line":47,"column":49}}]},"13":{"type":"branch","line":47,"loc":{"start":{"line":47,"column":21},"end":{"line":47,"column":49}},"locations":[{"start":{"line":47,"column":21},"end":{"line":47,"column":49}}]}},"b":{"0":[0],"1":[0],"2":[0],"3":[0],"4":[0],"5":[0],"6":[2],"7":[1],"8":[3],"9":[2],"10":[0],"11":[0],"12":[5],"13":[1]},"fnMap":{},"f":{}},"D:\\Git\\GoPayShortcuts\\frontend\\src\\lib\\components\\atoms\\Input.svelte":{"path":"D:\\Git\\GoPayShortcuts\\frontend\\src\\lib\\components\\atoms\\Input.svelte","all":false,"statementMap":{"0":{"start":{"line":1,"column":0},"end":{"line":1,"column":18}},"26":{"start":{"line":27,"column":0},"end":{"line":27,"column":16}},"27":{"start":{"line":28,"column":0},"end":{"line":28,"column":17}},"28":{"start":{"line":29,"column":0},"end":{"line":29,"column":19}},"29":{"start":{"line":30,"column":0},"end":{"line":30,"column":19}},"30":{"start":{"line":31,"column":0},"end":{"line":31,"column":24}},"31":{"start":{"line":32,"column":0},"end":{"line":32,"column":19}},"32":{"start":{"line":33,"column":0},"end":{"line":33,"column":19}},"33":{"start":{"line":34,"column":0},"end":{"line":34,"column":23}},"34":{"start":{"line":35,"column":0},"end":{"line":35,"column":17}},"35":{"start":{"line":36,"column":0},"end":{"line":36,"column":24}},"36":{"start":{"line":37,"column":0},"end":{"line":37,"column":23}},"37":{"start":{"line":38,"column":0},"end":{"line":38,"column":22}},"38":{"start":{"line":39,"column":0},"end":{"line":39,"column":21}},"39":{"start":{"line":40,"column":0},"end":{"line":40,"column":22}},"40":{"start":{"line":41,"column":0},"end":{"line":41,"column":18}},"41":{"start":{"line":42,"column":0},"end":{"line":42,"column":18}},"42":{"start":{"line":43,"column":0},"end":{"line":43,"column":19}},"43":{"start":{"line":44,"column":0},"end":{"line":44,"column":17}},"44":{"start":{"line":45,"column":0},"end":{"line":45,"column":12}},"47":{"start":{"line":48,"column":0},"end":{"line":48,"column":53}},"49":{"start":{"line":50,"column":0},"end":{"line":50,"column":16}},"50":{"start":{"line":51,"column":0},"end":{"line":51,"column":65}},"51":{"start":{"line":52,"column":0},"end":{"line":52,"column":43}},"52":{"start":{"line":53,"column":0},"end":{"line":53,"column":3}},"53":{"start":{"line":54,"column":0},"end":{"line":54,"column":4}},"55":{"start":{"line":56,"column":0},"end":{"line":56,"column":70}},"57":{"start":{"line":58,"column":0},"end":{"line":58,"column":31}},"59":{"start":{"line":60,"column":0},"end":{"line":60,"column":42}},"60":{"start":{"line":61,"column":0},"end":{"line":61,"column":85}},"61":{"start":{"line":62,"column":0},"end":{"line":62,"column":37}},"62":{"start":{"line":63,"column":0},"end":{"line":63,"column":53}},"63":{"start":{"line":64,"column":0},"end":{"line":64,"column":41}},"64":{"start":{"line":65,"column":0},"end":{"line":65,"column":12}},"65":{"start":{"line":66,"column":0},"end":{"line":66,"column":13}},"68":{"start":{"line":69,"column":0},"end":{"line":69,"column":33}},"69":{"start":{"line":70,"column":0},"end":{"line":70,"column":54}},"70":{"start":{"line":71,"column":0},"end":{"line":71,"column":48}},"71":{"start":{"line":72,"column":0},"end":{"line":72,"column":40}},"72":{"start":{"line":73,"column":0},"end":{"line":73,"column":28}},"73":{"start":{"line":74,"column":0},"end":{"line":74,"column":59}},"74":{"start":{"line":75,"column":0},"end":{"line":75,"column":34}},"75":{"start":{"line":76,"column":0},"end":{"line":76,"column":10}},"76":{"start":{"line":77,"column":0},"end":{"line":77,"column":28}},"77":{"start":{"line":78,"column":0},"end":{"line":78,"column":3}},"78":{"start":{"line":79,"column":0},"end":{"line":79,"column":2}},"93":{"start":{"line":94,"column":0},"end":{"line":94,"column":24}},"94":{"start":{"line":95,"column":0},"end":{"line":95,"column":24}},"95":{"start":{"line":96,"column":0},"end":{"line":96,"column":22}},"96":{"start":{"line":97,"column":0},"end":{"line":97,"column":25}},"97":{"start":{"line":98,"column":0},"end":{"line":98,"column":23}},"98":{"start":{"line":99,"column":0},"end":{"line":99,"column":17}},"99":{"start":{"line":100,"column":0},"end":{"line":100,"column":19}},"101":{"start":{"line":102,"column":0},"end":{"line":102,"column":12}},"102":{"start":{"line":103,"column":0},"end":{"line":103,"column":51}}},"s":{"0":1,"26":1,"27":1,"28":1,"29":1,"30":1,"31":1,"32":1,"33":1,"34":1,"35":1,"36":1,"37":1,"38":1,"39":1,"40":1,"41":1,"42":1,"43":1,"44":1,"47":1,"49":1,"50":7,"51":0,"52":0,"53":1,"55":1,"57":1,"59":1,"60":1,"61":1,"62":1,"63":1,"64":1,"65":1,"68":1,"69":3,"70":3,"71":3,"72":3,"73":3,"74":3,"75":3,"76":0,"77":0,"78":3,"93":1,"94":1,"95":1,"96":1,"97":1,"98":1,"99":1,"101":1,"102":1},"branchMap":{"0":{"type":"branch","line":48,"loc":{"start":{"line":48,"column":43},"end":{"line":48,"column":51}},"locations":[{"start":{"line":48,"column":43},"end":{"line":48,"column":51}}]},"1":{"type":"branch","line":50,"loc":{"start":{"line":50,"column":8},"end":{"line":54,"column":2}},"locations":[{"start":{"line":50,"column":8},"end":{"line":54,"column":2}}]},"2":{"type":"branch","line":51,"loc":{"start":{"line":51,"column":64},"end":{"line":53,"column":3}},"locations":[{"start":{"line":51,"column":64},"end":{"line":53,"column":3}}]},"3":{"type":"branch","line":56,"loc":{"start":{"line":56,"column":15},"end":{"line":56,"column":70}},"locations":[{"start":{"line":56,"column":15},"end":{"line":56,"column":70}}]},"4":{"type":"branch","line":56,"loc":{"start":{"line":56,"column":44},"end":{"line":56,"column":55}},"locations":[{"start":{"line":56,"column":44},"end":{"line":56,"column":55}}]},"5":{"type":"branch","line":61,"loc":{"start":{"line":61,"column":11},"end":{"line":61,"column":47}},"locations":[{"start":{"line":61,"column":11},"end":{"line":61,"column":47}}]},"6":{"type":"branch","line":69,"loc":{"start":{"line":69,"column":10},"end":{"line":79,"column":2}},"locations":[{"start":{"line":69,"column":10},"end":{"line":79,"column":2}}]},"7":{"type":"branch","line":74,"loc":{"start":{"line":74,"column":28},"end":{"line":74,"column":50}},"locations":[{"start":{"line":74,"column":28},"end":{"line":74,"column":50}}]},"8":{"type":"branch","line":76,"loc":{"start":{"line":76,"column":3},"end":{"line":78,"column":3}},"locations":[{"start":{"line":76,"column":3},"end":{"line":78,"column":3}}]},"9":{"type":"branch","line":102,"loc":{"start":{"line":102,"column":11},"end":{"line":102,"column":12}},"locations":[{"start":{"line":102,"column":11},"end":{"line":102,"column":12}}]},"10":{"type":"branch","line":97,"loc":{"start":{"line":97,"column":14},"end":{"line":97,"column":25}},"locations":[{"start":{"line":97,"column":14},"end":{"line":97,"column":25}}]},"11":{"type":"branch","line":97,"loc":{"start":{"line":97,"column":24},"end":{"line":97,"column":25}},"locations":[{"start":{"line":97,"column":24},"end":{"line":97,"column":25}}]}},"b":{"0":[0],"1":[7],"2":[0],"3":[7],"4":[0],"5":[0],"6":[3],"7":[0],"8":[0],"9":[0],"10":[14],"11":[3]},"fnMap":{"0":{"name":"handleInput","decl":{"start":{"line":69,"column":10},"end":{"line":79,"column":2}},"loc":{"start":{"line":69,"column":10},"end":{"line":79,"column":2}},"line":69}},"f":{"0":3}},"D:\\Git\\GoPayShortcuts\\frontend\\src\\lib\\components\\atoms\\Label.svelte":{"path":"D:\\Git\\GoPayShortcuts\\frontend\\src\\lib\\components\\atoms\\Label.svelte","all":false,"statementMap":{"0":{"start":{"line":1,"column":0},"end":{"line":1,"column":18}},"12":{"start":{"line":13,"column":0},"end":{"line":13,"column":20}},"13":{"start":{"line":14,"column":0},"end":{"line":14,"column":17}},"14":{"start":{"line":15,"column":0},"end":{"line":15,"column":22}},"15":{"start":{"line":16,"column":0},"end":{"line":16,"column":14}},"16":{"start":{"line":17,"column":0},"end":{"line":17,"column":33}},"19":{"start":{"line":20,"column":0},"end":{"line":20,"column":50}},"20":{"start":{"line":21,"column":0},"end":{"line":21,"column":26}},"21":{"start":{"line":22,"column":0},"end":{"line":22,"column":26}},"22":{"start":{"line":23,"column":0},"end":{"line":23,"column":23}},"23":{"start":{"line":24,"column":0},"end":{"line":24,"column":26}},"26":{"start":{"line":27,"column":0},"end":{"line":27,"column":44}},"27":{"start":{"line":28,"column":0},"end":{"line":28,"column":16}},"28":{"start":{"line":29,"column":0},"end":{"line":29,"column":16}},"29":{"start":{"line":30,"column":0},"end":{"line":30,"column":18}},"30":{"start":{"line":31,"column":0},"end":{"line":31,"column":16}},"31":{"start":{"line":32,"column":0},"end":{"line":32,"column":16}},"32":{"start":{"line":33,"column":0},"end":{"line":33,"column":17}},"36":{"start":{"line":37,"column":0},"end":{"line":37,"column":96}},"37":{"start":{"line":38,"column":0},"end":{"line":38,"column":23}}},"s":{"0":1,"12":1,"13":1,"14":1,"15":1,"16":1,"19":1,"20":1,"21":1,"22":1,"23":1,"26":1,"27":1,"28":1,"29":1,"30":1,"31":1,"32":1,"36":1,"37":1},"branchMap":{"0":{"type":"branch","line":38,"loc":{"start":{"line":38,"column":10},"end":{"line":38,"column":23}},"locations":[{"start":{"line":38,"column":10},"end":{"line":38,"column":23}}]},"1":{"type":"branch","line":38,"loc":{"start":{"line":38,"column":10},"end":{"line":38,"column":23}},"locations":[{"start":{"line":38,"column":10},"end":{"line":38,"column":23}}]},"2":{"type":"branch","line":38,"loc":{"start":{"line":38,"column":18},"end":{"line":38,"column":23}},"locations":[{"start":{"line":38,"column":18},"end":{"line":38,"column":23}}]}},"b":{"0":[7],"1":[7],"2":[0]},"fnMap":{},"f":{}},"D:\\Git\\GoPayShortcuts\\frontend\\src\\lib\\components\\atoms\\Quantity.svelte":{"path":"D:\\Git\\GoPayShortcuts\\frontend\\src\\lib\\components\\atoms\\Quantity.svelte","all":false,"statementMap":{"0":{"start":{"line":1,"column":0},"end":{"line":1,"column":18}},"15":{"start":{"line":16,"column":0},"end":{"line":16,"column":12}},"16":{"start":{"line":17,"column":0},"end":{"line":17,"column":10}},"17":{"start":{"line":18,"column":0},"end":{"line":18,"column":11}},"18":{"start":{"line":19,"column":0},"end":{"line":19,"column":19}},"19":{"start":{"line":20,"column":0},"end":{"line":20,"column":28}},"20":{"start":{"line":21,"column":0},"end":{"line":21,"column":22}},"23":{"start":{"line":24,"column":0},"end":{"line":24,"column":23}},"24":{"start":{"line":25,"column":0},"end":{"line":25,"column":39}},"25":{"start":{"line":26,"column":0},"end":{"line":26,"column":29}},"26":{"start":{"line":27,"column":0},"end":{"line":27,"column":23}},"27":{"start":{"line":28,"column":0},"end":{"line":28,"column":2}},"29":{"start":{"line":30,"column":0},"end":{"line":30,"column":23}},"30":{"start":{"line":31,"column":0},"end":{"line":31,"column":39}},"31":{"start":{"line":32,"column":0},"end":{"line":32,"column":29}},"32":{"start":{"line":33,"column":0},"end":{"line":33,"column":23}},"33":{"start":{"line":34,"column":0},"end":{"line":34,"column":2}},"35":{"start":{"line":36,"column":0},"end":{"line":36,"column":21}},"43":{"start":{"line":44,"column":0},"end":{"line":44,"column":22}},"45":{"start":{"line":46,"column":0},"end":{"line":46,"column":38}},"48":{"start":{"line":49,"column":0},"end":{"line":49,"column":53}},"49":{"start":{"line":50,"column":0},"end":{"line":50,"column":87}},"51":{"start":{"line":52,"column":0},"end":{"line":52,"column":63}},"55":{"start":{"line":56,"column":0},"end":{"line":56,"column":18}},"60":{"start":{"line":61,"column":0},"end":{"line":61,"column":22}},"62":{"start":{"line":63,"column":0},"end":{"line":63,"column":38}},"65":{"start":{"line":66,"column":0},"end":{"line":66,"column":61}}},"s":{"0":1,"15":1,"16":1,"17":1,"18":1,"19":1,"20":1,"23":1,"24":2,"25":1,"26":1,"27":2,"29":1,"30":1,"31":1,"32":1,"33":1,"35":1,"43":1,"45":1,"48":1,"49":1,"51":1,"55":1,"60":1,"62":1,"65":1},"branchMap":{"0":{"type":"branch","line":24,"loc":{"start":{"line":24,"column":10},"end":{"line":28,"column":2}},"locations":[{"start":{"line":24,"column":10},"end":{"line":28,"column":2}}]},"1":{"type":"branch","line":25,"loc":{"start":{"line":25,"column":14},"end":{"line":25,"column":39}},"locations":[{"start":{"line":25,"column":14},"end":{"line":25,"column":39}}]},"2":{"type":"branch","line":25,"loc":{"start":{"line":25,"column":30},"end":{"line":27,"column":23}},"locations":[{"start":{"line":25,"column":30},"end":{"line":27,"column":23}}]},"3":{"type":"branch","line":30,"loc":{"start":{"line":30,"column":10},"end":{"line":34,"column":2}},"locations":[{"start":{"line":30,"column":10},"end":{"line":34,"column":2}}]},"4":{"type":"branch","line":31,"loc":{"start":{"line":31,"column":30},"end":{"line":31,"column":39}},"locations":[{"start":{"line":31,"column":30},"end":{"line":31,"column":39}}]},"5":{"type":"branch","line":46,"loc":{"start":{"line":46,"column":13},"end":{"line":46,"column":38}},"locations":[{"start":{"line":46,"column":13},"end":{"line":46,"column":38}}]},"6":{"type":"branch","line":46,"loc":{"start":{"line":46,"column":21},"end":{"line":46,"column":38}},"locations":[{"start":{"line":46,"column":21},"end":{"line":46,"column":38}}]},"7":{"type":"branch","line":52,"loc":{"start":{"line":52,"column":29},"end":{"line":52,"column":63}},"locations":[{"start":{"line":52,"column":29},"end":{"line":52,"column":63}}]},"8":{"type":"branch","line":49,"loc":{"start":{"line":49,"column":25},"end":{"line":49,"column":45}},"locations":[{"start":{"line":49,"column":25},"end":{"line":49,"column":45}}]},"9":{"type":"branch","line":49,"loc":{"start":{"line":49,"column":41},"end":{"line":49,"column":52}},"locations":[{"start":{"line":49,"column":41},"end":{"line":49,"column":52}}]},"10":{"type":"branch","line":49,"loc":{"start":{"line":49,"column":52},"end":{"line":49,"column":53}},"locations":[{"start":{"line":49,"column":52},"end":{"line":49,"column":53}}]},"11":{"type":"branch","line":56,"loc":{"start":{"line":56,"column":5},"end":{"line":56,"column":18}},"locations":[{"start":{"line":56,"column":5},"end":{"line":56,"column":18}}]},"12":{"type":"branch","line":63,"loc":{"start":{"line":63,"column":13},"end":{"line":63,"column":38}},"locations":[{"start":{"line":63,"column":13},"end":{"line":63,"column":38}}]},"13":{"type":"branch","line":63,"loc":{"start":{"line":63,"column":21},"end":{"line":63,"column":38}},"locations":[{"start":{"line":63,"column":21},"end":{"line":63,"column":38}}]},"14":{"type":"branch","line":66,"loc":{"start":{"line":66,"column":27},"end":{"line":66,"column":61}},"locations":[{"start":{"line":66,"column":27},"end":{"line":66,"column":61}}]}},"b":{"0":[2],"1":[1],"2":[1],"3":[1],"4":[0],"5":[2],"6":[1],"7":[2],"8":[0],"9":[0],"10":[0],"11":[2],"12":[2],"13":[1],"14":[2]},"fnMap":{"0":{"name":"increment","decl":{"start":{"line":24,"column":10},"end":{"line":28,"column":2}},"loc":{"start":{"line":24,"column":10},"end":{"line":28,"column":2}},"line":24},"1":{"name":"decrement","decl":{"start":{"line":30,"column":10},"end":{"line":34,"column":2}},"loc":{"start":{"line":30,"column":10},"end":{"line":34,"column":2}},"line":30},"2":{"name":"__vite_ssr_import_1__.add_svelte_meta.componentTag","decl":{"start":{"line":52,"column":29},"end":{"line":52,"column":63}},"loc":{"start":{"line":52,"column":29},"end":{"line":52,"column":63}},"line":52},"3":{"name":"__vite_ssr_import_1__.add_svelte_meta.componentTag","decl":{"start":{"line":66,"column":27},"end":{"line":66,"column":61}},"loc":{"start":{"line":66,"column":27},"end":{"line":66,"column":61}},"line":66}},"f":{"0":2,"1":1,"2":2,"3":2}},"D:\\Git\\GoPayShortcuts\\frontend\\src\\lib\\components\\atoms\\Select.svelte":{"path":"D:\\Git\\GoPayShortcuts\\frontend\\src\\lib\\components\\atoms\\Select.svelte","all":false,"statementMap":{"0":{"start":{"line":1,"column":0},"end":{"line":1,"column":18}},"16":{"start":{"line":17,"column":0},"end":{"line":17,"column":20}},"17":{"start":{"line":18,"column":0},"end":{"line":18,"column":24}},"18":{"start":{"line":19,"column":0},"end":{"line":19,"column":25}},"19":{"start":{"line":20,"column":0},"end":{"line":20,"column":19}},"20":{"start":{"line":21,"column":0},"end":{"line":21,"column":22}},"23":{"start":{"line":24,"column":0},"end":{"line":24,"column":38}},"24":{"start":{"line":25,"column":0},"end":{"line":25,"column":55}},"25":{"start":{"line":26,"column":0},"end":{"line":26,"column":17}},"26":{"start":{"line":27,"column":0},"end":{"line":27,"column":2}},"30":{"start":{"line":31,"column":0},"end":{"line":31,"column":12}},"31":{"start":{"line":32,"column":0},"end":{"line":32,"column":48}},"34":{"start":{"line":35,"column":0},"end":{"line":35,"column":12}},"36":{"start":{"line":37,"column":0},"end":{"line":37,"column":25}},"38":{"start":{"line":39,"column":0},"end":{"line":39,"column":25}},"39":{"start":{"line":40,"column":0},"end":{"line":40,"column":20}},"41":{"start":{"line":42,"column":0},"end":{"line":42,"column":77}},"42":{"start":{"line":43,"column":0},"end":{"line":43,"column":24}},"43":{"start":{"line":44,"column":0},"end":{"line":44,"column":78}}},"s":{"0":1,"16":1,"17":1,"18":1,"19":1,"20":1,"23":1,"24":1,"25":1,"26":1,"30":1,"31":1,"34":1,"36":1,"38":1,"39":1,"41":1,"42":1,"43":1},"branchMap":{"0":{"type":"branch","line":24,"loc":{"start":{"line":24,"column":10},"end":{"line":27,"column":2}},"locations":[{"start":{"line":24,"column":10},"end":{"line":27,"column":2}}]},"1":{"type":"branch","line":32,"loc":{"start":{"line":32,"column":34},"end":{"line":32,"column":48}},"locations":[{"start":{"line":32,"column":34},"end":{"line":32,"column":48}}]},"2":{"type":"branch","line":44,"loc":{"start":{"line":44,"column":24},"end":{"line":44,"column":36}},"locations":[{"start":{"line":44,"column":24},"end":{"line":44,"column":36}}]}},"b":{"0":[1],"1":[1],"2":[0]},"fnMap":{"0":{"name":"handleChange","decl":{"start":{"line":24,"column":10},"end":{"line":27,"column":2}},"loc":{"start":{"line":24,"column":10},"end":{"line":27,"column":2}},"line":24}},"f":{"0":1}},"D:\\Git\\GoPayShortcuts\\frontend\\src\\lib\\components\\molecules\\FormField.svelte":{"path":"D:\\Git\\GoPayShortcuts\\frontend\\src\\lib\\components\\molecules\\FormField.svelte","all":false,"statementMap":{"0":{"start":{"line":1,"column":0},"end":{"line":1,"column":18}},"7":{"start":{"line":8,"column":0},"end":{"line":8,"column":39}},"8":{"start":{"line":9,"column":0},"end":{"line":9,"column":42}},"9":{"start":{"line":10,"column":0},"end":{"line":10,"column":26}},"10":{"start":{"line":11,"column":0},"end":{"line":11,"column":34}},"11":{"start":{"line":12,"column":0},"end":{"line":12,"column":29}},"12":{"start":{"line":13,"column":0},"end":{"line":13,"column":24}},"13":{"start":{"line":14,"column":0},"end":{"line":14,"column":30}},"14":{"start":{"line":15,"column":0},"end":{"line":15,"column":30}},"15":{"start":{"line":16,"column":0},"end":{"line":16,"column":48}},"16":{"start":{"line":17,"column":0},"end":{"line":17,"column":27}},"17":{"start":{"line":18,"column":0},"end":{"line":18,"column":58}},"18":{"start":{"line":19,"column":0},"end":{"line":19,"column":61}},"19":{"start":{"line":20,"column":0},"end":{"line":20,"column":56}},"20":{"start":{"line":21,"column":0},"end":{"line":21,"column":36}},"21":{"start":{"line":22,"column":0},"end":{"line":22,"column":36}},"25":{"start":{"line":26,"column":0},"end":{"line":26,"column":49}},"26":{"start":{"line":27,"column":0},"end":{"line":27,"column":44}}},"s":{"0":1,"7":1,"8":1,"9":1,"10":1,"11":1,"12":1,"13":1,"14":1,"15":1,"16":1,"17":1,"18":1,"19":1,"20":1,"21":1,"25":1,"26":1},"branchMap":{"0":{"type":"branch","line":19,"loc":{"start":{"line":19,"column":10},"end":{"line":19,"column":33}},"locations":[{"start":{"line":19,"column":10},"end":{"line":19,"column":33}}]},"1":{"type":"branch","line":20,"loc":{"start":{"line":20,"column":9},"end":{"line":20,"column":29}},"locations":[{"start":{"line":20,"column":9},"end":{"line":20,"column":29}}]},"2":{"type":"branch","line":27,"loc":{"start":{"line":27,"column":30},"end":{"line":27,"column":44}},"locations":[{"start":{"line":27,"column":30},"end":{"line":27,"column":44}}]},"3":{"type":"branch","line":26,"loc":{"start":{"line":26,"column":37},"end":{"line":26,"column":49}},"locations":[{"start":{"line":26,"column":37},"end":{"line":26,"column":49}}]},"4":{"type":"branch","line":26,"loc":{"start":{"line":26,"column":46},"end":{"line":26,"column":49}},"locations":[{"start":{"line":26,"column":46},"end":{"line":26,"column":49}}]}},"b":{"0":[2],"1":[3],"2":[4],"3":[4],"4":[0]},"fnMap":{},"f":{}},"D:\\Git\\GoPayShortcuts\\frontend\\src\\lib\\core\\api\\apiClient.ts":{"path":"D:\\Git\\GoPayShortcuts\\frontend\\src\\lib\\core\\api\\apiClient.ts","all":false,"statementMap":{"8":{"start":{"line":9,"column":0},"end":{"line":9,"column":53}},"9":{"start":{"line":10,"column":0},"end":{"line":10,"column":53}},"10":{"start":{"line":11,"column":0},"end":{"line":11,"column":35}},"11":{"start":{"line":12,"column":0},"end":{"line":12,"column":34}},"16":{"start":{"line":17,"column":0},"end":{"line":17,"column":24}},"17":{"start":{"line":18,"column":0},"end":{"line":18,"column":25}},"19":{"start":{"line":20,"column":0},"end":{"line":20,"column":38}},"20":{"start":{"line":21,"column":0},"end":{"line":21,"column":25}},"21":{"start":{"line":22,"column":0},"end":{"line":22,"column":2}},"24":{"start":{"line":25,"column":0},"end":{"line":25,"column":40}},"25":{"start":{"line":26,"column":0},"end":{"line":26,"column":30}},"26":{"start":{"line":27,"column":0},"end":{"line":27,"column":2}},"29":{"start":{"line":30,"column":0},"end":{"line":30,"column":18}},"30":{"start":{"line":31,"column":0},"end":{"line":31,"column":19}},"31":{"start":{"line":32,"column":0},"end":{"line":32,"column":25}},"32":{"start":{"line":33,"column":0},"end":{"line":33,"column":17}},"33":{"start":{"line":34,"column":0},"end":{"line":34,"column":30}},"34":{"start":{"line":35,"column":0},"end":{"line":35,"column":24}},"35":{"start":{"line":36,"column":0},"end":{"line":36,"column":43}},"36":{"start":{"line":37,"column":0},"end":{"line":37,"column":38}},"37":{"start":{"line":38,"column":0},"end":{"line":38,"column":29}},"38":{"start":{"line":39,"column":0},"end":{"line":39,"column":4}},"40":{"start":{"line":41,"column":0},"end":{"line":41,"column":36}},"41":{"start":{"line":42,"column":0},"end":{"line":42,"column":14}},"42":{"start":{"line":43,"column":0},"end":{"line":43,"column":48}},"43":{"start":{"line":44,"column":0},"end":{"line":44,"column":3}},"45":{"start":{"line":46,"column":0},"end":{"line":46,"column":62}},"46":{"start":{"line":47,"column":0},"end":{"line":47,"column":10}},"47":{"start":{"line":48,"column":0},"end":{"line":48,"column":11}},"48":{"start":{"line":49,"column":0},"end":{"line":49,"column":49}},"49":{"start":{"line":50,"column":0},"end":{"line":50,"column":25}},"50":{"start":{"line":51,"column":0},"end":{"line":51,"column":5}},"51":{"start":{"line":52,"column":0},"end":{"line":52,"column":41}},"53":{"start":{"line":54,"column":0},"end":{"line":54,"column":46}},"55":{"start":{"line":56,"column":0},"end":{"line":56,"column":89}},"57":{"start":{"line":58,"column":0},"end":{"line":58,"column":25}},"58":{"start":{"line":59,"column":0},"end":{"line":59,"column":2}},"61":{"start":{"line":62,"column":0},"end":{"line":62,"column":71}},"62":{"start":{"line":63,"column":0},"end":{"line":63,"column":83}},"63":{"start":{"line":64,"column":0},"end":{"line":64,"column":2}},"65":{"start":{"line":66,"column":0},"end":{"line":66,"column":59}},"66":{"start":{"line":67,"column":0},"end":{"line":67,"column":70}},"67":{"start":{"line":68,"column":0},"end":{"line":68,"column":2}},"69":{"start":{"line":70,"column":0},"end":{"line":70,"column":52}},"70":{"start":{"line":71,"column":0},"end":{"line":71,"column":61}},"71":{"start":{"line":72,"column":0},"end":{"line":72,"column":2}},"73":{"start":{"line":74,"column":0},"end":{"line":74,"column":67}},"74":{"start":{"line":75,"column":0},"end":{"line":75,"column":70}},"75":{"start":{"line":76,"column":0},"end":{"line":76,"column":67}},"76":{"start":{"line":77,"column":0},"end":{"line":77,"column":2}},"78":{"start":{"line":79,"column":0},"end":{"line":79,"column":46}},"79":{"start":{"line":80,"column":0},"end":{"line":80,"column":55}},"80":{"start":{"line":81,"column":0},"end":{"line":81,"column":2}},"83":{"start":{"line":84,"column":0},"end":{"line":84,"column":98}},"85":{"start":{"line":86,"column":0},"end":{"line":86,"column":49}},"86":{"start":{"line":87,"column":0},"end":{"line":87,"column":103}},"87":{"start":{"line":88,"column":0},"end":{"line":88,"column":13}},"88":{"start":{"line":89,"column":0},"end":{"line":89,"column":6}},"89":{"start":{"line":90,"column":0},"end":{"line":90,"column":1}},"92":{"start":{"line":93,"column":0},"end":{"line":93,"column":86}},"93":{"start":{"line":94,"column":0},"end":{"line":94,"column":82}},"94":{"start":{"line":95,"column":0},"end":{"line":95,"column":1}},"97":{"start":{"line":98,"column":0},"end":{"line":98,"column":62}},"98":{"start":{"line":99,"column":0},"end":{"line":99,"column":59}},"99":{"start":{"line":100,"column":0},"end":{"line":100,"column":1}},"101":{"start":{"line":102,"column":0},"end":{"line":102,"column":74}},"102":{"start":{"line":103,"column":0},"end":{"line":103,"column":69}},"103":{"start":{"line":104,"column":0},"end":{"line":104,"column":2}},"104":{"start":{"line":105,"column":0},"end":{"line":105,"column":1}},"107":{"start":{"line":108,"column":0},"end":{"line":108,"column":41}}},"s":{"8":1,"9":1,"10":1,"11":1,"16":1,"17":1,"19":1,"20":5,"21":5,"24":1,"25":3,"26":3,"29":1,"30":4,"31":4,"32":4,"33":4,"34":4,"35":4,"36":4,"37":4,"38":4,"40":4,"41":4,"42":1,"43":1,"45":4,"46":4,"47":4,"48":4,"49":4,"50":4,"51":4,"53":4,"55":4,"57":2,"58":4,"61":1,"62":0,"63":0,"65":1,"66":0,"67":0,"69":1,"70":0,"71":0,"73":1,"74":0,"75":0,"76":0,"78":1,"79":0,"80":0,"83":0,"85":0,"86":0,"87":0,"88":0,"89":0,"92":0,"93":0,"94":0,"97":0,"98":0,"99":0,"101":1,"102":0,"103":0,"104":1,"107":1},"branchMap":{"0":{"type":"branch","line":18,"loc":{"start":{"line":18,"column":9},"end":{"line":18,"column":25}},"locations":[{"start":{"line":18,"column":9},"end":{"line":18,"column":25}}]},"1":{"type":"branch","line":20,"loc":{"start":{"line":20,"column":1},"end":{"line":22,"column":2}},"locations":[{"start":{"line":20,"column":1},"end":{"line":22,"column":2}}]},"2":{"type":"branch","line":25,"loc":{"start":{"line":25,"column":9},"end":{"line":27,"column":2}},"locations":[{"start":{"line":25,"column":9},"end":{"line":27,"column":2}}]},"3":{"type":"branch","line":30,"loc":{"start":{"line":30,"column":1},"end":{"line":59,"column":2}},"locations":[{"start":{"line":30,"column":1},"end":{"line":59,"column":2}}]},"4":{"type":"branch","line":42,"loc":{"start":{"line":42,"column":13},"end":{"line":44,"column":3}},"locations":[{"start":{"line":42,"column":13},"end":{"line":44,"column":3}}]},"5":{"type":"branch","line":49,"loc":{"start":{"line":49,"column":9},"end":{"line":49,"column":39}},"locations":[{"start":{"line":49,"column":9},"end":{"line":49,"column":39}}]},"6":{"type":"branch","line":49,"loc":{"start":{"line":49,"column":35},"end":{"line":49,"column":49}},"locations":[{"start":{"line":49,"column":35},"end":{"line":49,"column":49}}]},"7":{"type":"branch","line":54,"loc":{"start":{"line":54,"column":31},"end":{"line":54,"column":46}},"locations":[{"start":{"line":54,"column":31},"end":{"line":54,"column":46}}]},"8":{"type":"branch","line":54,"loc":{"start":{"line":54,"column":39},"end":{"line":56,"column":27}},"locations":[{"start":{"line":54,"column":39},"end":{"line":56,"column":27}}]},"9":{"type":"branch","line":56,"loc":{"start":{"line":56,"column":20},"end":{"line":56,"column":89}},"locations":[{"start":{"line":56,"column":20},"end":{"line":56,"column":89}}]},"10":{"type":"branch","line":56,"loc":{"start":{"line":56,"column":46},"end":{"line":56,"column":87}},"locations":[{"start":{"line":56,"column":46},"end":{"line":56,"column":87}}]},"11":{"type":"branch","line":56,"loc":{"start":{"line":56,"column":87},"end":{"line":58,"column":25}},"locations":[{"start":{"line":56,"column":87},"end":{"line":58,"column":25}}]}},"b":{"0":[5],"1":[5],"2":[3],"3":[4],"4":[1],"5":[1],"6":[3],"7":[1],"8":[3],"9":[1],"10":[0],"11":[2]},"fnMap":{"0":{"name":"<instance_members_initializer>","decl":{"start":{"line":18,"column":9},"end":{"line":18,"column":25}},"loc":{"start":{"line":18,"column":9},"end":{"line":18,"column":25}},"line":18},"1":{"name":"ApiClient","decl":{"start":{"line":20,"column":1},"end":{"line":22,"column":2}},"loc":{"start":{"line":20,"column":1},"end":{"line":22,"column":2}},"line":20},"2":{"name":"getAuthToken","decl":{"start":{"line":25,"column":9},"end":{"line":27,"column":2}},"loc":{"start":{"line":25,"column":9},"end":{"line":27,"column":2}},"line":25},"3":{"name":"request","decl":{"start":{"line":30,"column":1},"end":{"line":59,"column":2}},"loc":{"start":{"line":30,"column":1},"end":{"line":59,"column":2}},"line":30},"4":{"name":"requestOTP","decl":{"start":{"line":62,"column":1},"end":{"line":64,"column":2}},"loc":{"start":{"line":62,"column":1},"end":{"line":64,"column":2}},"line":62},"5":{"name":"login","decl":{"start":{"line":66,"column":1},"end":{"line":68,"column":2}},"loc":{"start":{"line":66,"column":1},"end":{"line":68,"column":2}},"line":66},"6":{"name":"getLocations","decl":{"start":{"line":70,"column":1},"end":{"line":72,"column":2}},"loc":{"start":{"line":70,"column":1},"end":{"line":72,"column":2}},"line":70},"7":{"name":"getProducts","decl":{"start":{"line":74,"column":1},"end":{"line":77,"column":2}},"loc":{"start":{"line":74,"column":1},"end":{"line":77,"column":2}},"line":74},"8":{"name":"getMenu","decl":{"start":{"line":79,"column":1},"end":{"line":81,"column":2}},"loc":{"start":{"line":79,"column":1},"end":{"line":81,"column":2}},"line":79},"9":{"name":"listRawOrdersForPeriod","decl":{"start":{"line":84,"column":0},"end":{"line":90,"column":1}},"loc":{"start":{"line":84,"column":0},"end":{"line":90,"column":1}},"line":84},"10":{"name":"fetchOrderDetailsChunk","decl":{"start":{"line":93,"column":0},"end":{"line":95,"column":1}},"loc":{"start":{"line":93,"column":0},"end":{"line":95,"column":1}},"line":93},"11":{"name":"fetchOrderIdsForPeriod","decl":{"start":{"line":98,"column":0},"end":{"line":100,"column":1}},"loc":{"start":{"line":98,"column":0},"end":{"line":100,"column":1}},"line":98},"12":{"name":"updateDay","decl":{"start":{"line":102,"column":1},"end":{"line":104,"column":2}},"loc":{"start":{"line":102,"column":1},"end":{"line":104,"column":2}},"line":102}},"f":{"0":5,"1":5,"2":3,"3":4,"4":0,"5":0,"6":0,"7":0,"8":0,"9":0,"10":0,"11":0,"12":0}},"D:\\Git\\GoPayShortcuts\\frontend\\src\\lib\\core\\config\\environment.ts":{"path":"D:\\Git\\GoPayShortcuts\\frontend\\src\\lib\\core\\config\\environment.ts","all":false,"statementMap":{"0":{"start":{"line":1,"column":0},"end":{"line":1,"column":42}},"2":{"start":{"line":3,"column":0},"end":{"line":3,"column":52}}},"s":{"0":1,"2":1},"branchMap":{},"b":{},"fnMap":{},"f":{}},"D:\\Git\\GoPayShortcuts\\frontend\\src\\lib\\core\\loading\\organisms\\LoadingSpinner.svelte":{"path":"D:\\Git\\GoPayShortcuts\\frontend\\src\\lib\\core\\loading\\organisms\\LoadingSpinner.svelte","all":false,"statementMap":{"0":{"start":{"line":1,"column":0},"end":{"line":1,"column":18}},"5":{"start":{"line":6,"column":0},"end":{"line":6,"column":60}},"9":{"start":{"line":10,"column":0},"end":{"line":10,"column":98}}},"s":{"0":1,"5":1,"9":1},"branchMap":{},"b":{},"fnMap":{},"f":{}},"D:\\Git\\GoPayShortcuts\\frontend\\src\\lib\\features\\auth\\organisms\\AuthForm.svelte":{"path":"D:\\Git\\GoPayShortcuts\\frontend\\src\\lib\\features\\auth\\organisms\\AuthForm.svelte","all":false,"statementMap":{"0":{"start":{"line":1,"column":0},"end":{"line":1,"column":18}},"17":{"start":{"line":18,"column":0},"end":{"line":18,"column":21}},"18":{"start":{"line":19,"column":0},"end":{"line":19,"column":24}},"19":{"start":{"line":20,"column":0},"end":{"line":20,"column":22}},"20":{"start":{"line":21,"column":0},"end":{"line":21,"column":20}},"21":{"start":{"line":22,"column":0},"end":{"line":22,"column":40}},"22":{"start":{"line":23,"column":0},"end":{"line":23,"column":36}},"23":{"start":{"line":24,"column":0},"end":{"line":24,"column":26}},"26":{"start":{"line":27,"column":0},"end":{"line":27,"column":84}},"29":{"start":{"line":30,"column":0},"end":{"line":30,"column":17}},"32":{"start":{"line":33,"column":0},"end":{"line":33,"column":20}},"33":{"start":{"line":34,"column":0},"end":{"line":34,"column":22}},"34":{"start":{"line":35,"column":0},"end":{"line":35,"column":24}},"35":{"start":{"line":36,"column":0},"end":{"line":36,"column":4}},"39":{"start":{"line":40,"column":0},"end":{"line":40,"column":33}},"41":{"start":{"line":42,"column":0},"end":{"line":42,"column":45}},"42":{"start":{"line":43,"column":0},"end":{"line":43,"column":21}},"43":{"start":{"line":44,"column":0},"end":{"line":44,"column":30}},"44":{"start":{"line":45,"column":0},"end":{"line":45,"column":18}},"46":{"start":{"line":47,"column":0},"end":{"line":47,"column":87}},"48":{"start":{"line":49,"column":0},"end":{"line":49,"column":19}},"51":{"start":{"line":52,"column":0},"end":{"line":52,"column":58}},"54":{"start":{"line":55,"column":0},"end":{"line":55,"column":32}},"62":{"start":{"line":63,"column":0},"end":{"line":63,"column":20}},"63":{"start":{"line":64,"column":0},"end":{"line":64,"column":22}},"64":{"start":{"line":65,"column":0},"end":{"line":65,"column":20}},"65":{"start":{"line":66,"column":0},"end":{"line":66,"column":4}},"69":{"start":{"line":70,"column":0},"end":{"line":70,"column":31}},"71":{"start":{"line":72,"column":0},"end":{"line":72,"column":43}},"72":{"start":{"line":73,"column":0},"end":{"line":73,"column":19}},"73":{"start":{"line":74,"column":0},"end":{"line":74,"column":46}},"74":{"start":{"line":75,"column":0},"end":{"line":75,"column":33}},"75":{"start":{"line":76,"column":0},"end":{"line":76,"column":18}},"78":{"start":{"line":79,"column":0},"end":{"line":79,"column":83}},"80":{"start":{"line":81,"column":0},"end":{"line":81,"column":20}},"83":{"start":{"line":84,"column":0},"end":{"line":84,"column":61}},"86":{"start":{"line":87,"column":0},"end":{"line":87,"column":30}},"95":{"start":{"line":96,"column":0},"end":{"line":96,"column":35}},"96":{"start":{"line":97,"column":0},"end":{"line":97,"column":20}},"98":{"start":{"line":99,"column":0},"end":{"line":99,"column":27}}},"s":{"0":1,"17":1,"18":1,"19":1,"20":1,"21":1,"22":1,"23":1,"26":1,"29":1,"32":1,"33":2,"34":2,"35":1,"39":1,"41":1,"42":1,"43":1,"44":1,"46":1,"48":1,"51":1,"54":1,"62":1,"63":1,"64":1,"65":1,"69":1,"71":1,"72":1,"73":1,"74":1,"75":1,"78":1,"80":1,"83":1,"86":1,"95":1,"96":1,"98":1},"branchMap":{"0":{"type":"branch","line":27,"loc":{"start":{"line":27,"column":20},"end":{"line":27,"column":84}},"locations":[{"start":{"line":27,"column":20},"end":{"line":27,"column":84}}]},"1":{"type":"branch","line":40,"loc":{"start":{"line":40,"column":10},"end":{"line":40,"column":33}},"locations":[{"start":{"line":40,"column":10},"end":{"line":40,"column":33}}]},"2":{"type":"branch","line":42,"loc":{"start":{"line":42,"column":16},"end":{"line":42,"column":45}},"locations":[{"start":{"line":42,"column":16},"end":{"line":42,"column":45}}]},"3":{"type":"branch","line":44,"loc":{"start":{"line":44,"column":15},"end":{"line":44,"column":30}},"locations":[{"start":{"line":44,"column":15},"end":{"line":44,"column":30}}]},"4":{"type":"branch","line":47,"loc":{"start":{"line":47,"column":34},"end":{"line":47,"column":81}},"locations":[{"start":{"line":47,"column":34},"end":{"line":47,"column":81}}]},"5":{"type":"branch","line":55,"loc":{"start":{"line":55,"column":6},"end":{"line":55,"column":8}},"locations":[{"start":{"line":55,"column":6},"end":{"line":55,"column":8}}]},"6":{"type":"branch","line":55,"loc":{"start":{"line":55,"column":6},"end":{"line":55,"column":32}},"locations":[{"start":{"line":55,"column":6},"end":{"line":55,"column":32}}]},"7":{"type":"branch","line":49,"loc":{"start":{"line":49,"column":18},"end":{"line":49,"column":19}},"locations":[{"start":{"line":49,"column":18},"end":{"line":49,"column":19}}]},"8":{"type":"branch","line":33,"loc":{"start":{"line":33,"column":13},"end":{"line":36,"column":3}},"locations":[{"start":{"line":33,"column":13},"end":{"line":36,"column":3}}]},"9":{"type":"branch","line":70,"loc":{"start":{"line":70,"column":10},"end":{"line":70,"column":31}},"locations":[{"start":{"line":70,"column":10},"end":{"line":70,"column":31}}]},"10":{"type":"branch","line":72,"loc":{"start":{"line":72,"column":16},"end":{"line":72,"column":43}},"locations":[{"start":{"line":72,"column":16},"end":{"line":72,"column":43}}]},"11":{"type":"branch","line":74,"loc":{"start":{"line":74,"column":15},"end":{"line":74,"column":46}},"locations":[{"start":{"line":74,"column":15},"end":{"line":74,"column":46}}]},"12":{"type":"branch","line":75,"loc":{"start":{"line":75,"column":14},"end":{"line":75,"column":32}},"locations":[{"start":{"line":75,"column":14},"end":{"line":75,"column":32}}]},"13":{"type":"branch","line":79,"loc":{"start":{"line":79,"column":35},"end":{"line":79,"column":77}},"locations":[{"start":{"line":79,"column":35},"end":{"line":79,"column":77}}]},"14":{"type":"branch","line":87,"loc":{"start":{"line":87,"column":7},"end":{"line":87,"column":9}},"locations":[{"start":{"line":87,"column":7},"end":{"line":87,"column":9}}]},"15":{"type":"branch","line":87,"loc":{"start":{"line":87,"column":7},"end":{"line":87,"column":30}},"locations":[{"start":{"line":87,"column":7},"end":{"line":87,"column":30}}]},"16":{"type":"branch","line":81,"loc":{"start":{"line":81,"column":19},"end":{"line":81,"column":20}},"locations":[{"start":{"line":81,"column":19},"end":{"line":81,"column":20}}]},"17":{"type":"branch","line":99,"loc":{"start":{"line":99,"column":5},"end":{"line":99,"column":7}},"locations":[{"start":{"line":99,"column":5},"end":{"line":99,"column":7}}]},"18":{"type":"branch","line":99,"loc":{"start":{"line":99,"column":5},"end":{"line":99,"column":27}},"locations":[{"start":{"line":99,"column":5},"end":{"line":99,"column":27}}]},"19":{"type":"branch","line":63,"loc":{"start":{"line":63,"column":13},"end":{"line":66,"column":3}},"locations":[{"start":{"line":63,"column":13},"end":{"line":66,"column":3}}]},"20":{"type":"branch","line":30,"loc":{"start":{"line":30,"column":16},"end":{"line":30,"column":17}},"locations":[{"start":{"line":30,"column":16},"end":{"line":30,"column":17}}]}},"b":{"0":[4],"1":[2],"2":[2],"3":[2],"4":[4],"5":[2],"6":[2],"7":[0],"8":[2],"9":[2],"10":[2],"11":[1],"12":[1],"13":[3],"14":[2],"15":[2],"16":[0],"17":[2],"18":[2],"19":[1],"20":[2]},"fnMap":{"0":{"name":"validateEmail","decl":{"start":{"line":27,"column":20},"end":{"line":27,"column":84}},"loc":{"start":{"line":27,"column":20},"end":{"line":27,"column":84}},"line":27},"1":{"name":"transform","decl":{"start":{"line":44,"column":15},"end":{"line":44,"column":30}},"loc":{"start":{"line":44,"column":15},"end":{"line":44,"column":30}},"line":44},"2":{"name":"transform","decl":{"start":{"line":74,"column":15},"end":{"line":74,"column":46}},"loc":{"start":{"line":74,"column":15},"end":{"line":74,"column":46}},"line":74},"3":{"name":"validate","decl":{"start":{"line":75,"column":14},"end":{"line":75,"column":32}},"loc":{"start":{"line":75,"column":14},"end":{"line":75,"column":32}},"line":75},"4":{"name":"onclick","decl":{"start":{"line":96,"column":19},"end":{"line":96,"column":35}},"loc":{"start":{"line":96,"column":19},"end":{"line":96,"column":35}},"line":96}},"f":{"0":4,"1":2,"2":1,"3":1,"4":0}},"D:\\Git\\GoPayShortcuts\\frontend\\src\\lib\\features\\auth\\templates\\LoginLayout.svelte":{"path":"D:\\Git\\GoPayShortcuts\\frontend\\src\\lib\\features\\auth\\templates\\LoginLayout.svelte","all":false,"statementMap":{"0":{"start":{"line":1,"column":0},"end":{"line":1,"column":18}},"13":{"start":{"line":14,"column":0},"end":{"line":14,"column":92}}},"s":{"0":1,"13":1},"branchMap":{"0":{"type":"branch","line":14,"loc":{"start":{"line":14,"column":14},"end":{"line":14,"column":92}},"locations":[{"start":{"line":14,"column":14},"end":{"line":14,"column":92}}]},"1":{"type":"branch","line":14,"loc":{"start":{"line":14,"column":18},"end":{"line":14,"column":92}},"locations":[{"start":{"line":14,"column":18},"end":{"line":14,"column":92}}]}},"b":{"0":[2],"1":[0]},"fnMap":{},"f":{}},"D:\\Git\\GoPayShortcuts\\frontend\\src\\lib\\features\\menu\\menuService.ts":{"path":"D:\\Git\\GoPayShortcuts\\frontend\\src\\lib\\features\\menu\\menuService.ts","all":false,"statementMap":{"0":{"start":{"line":1,"column":0},"end":{"line":1,"column":52}},"1":{"start":{"line":2,"column":0},"end":{"line":2,"column":74}},"7":{"start":{"line":8,"column":0},"end":{"line":8,"column":26}},"11":{"start":{"line":12,"column":0},"end":{"line":12,"column":45}},"13":{"start":{"line":14,"column":0},"end":{"line":14,"column":41}},"15":{"start":{"line":16,"column":0},"end":{"line":16,"column":30}},"16":{"start":{"line":17,"column":0},"end":{"line":17,"column":48}},"17":{"start":{"line":18,"column":0},"end":{"line":18,"column":64}},"18":{"start":{"line":19,"column":0},"end":{"line":19,"column":14}},"19":{"start":{"line":20,"column":0},"end":{"line":20,"column":3}},"21":{"start":{"line":22,"column":0},"end":{"line":22,"column":37}},"22":{"start":{"line":23,"column":0},"end":{"line":23,"column":14}},"23":{"start":{"line":24,"column":0},"end":{"line":24,"column":2}},"24":{"start":{"line":25,"column":0},"end":{"line":25,"column":1}},"27":{"start":{"line":28,"column":0},"end":{"line":28,"column":39}}},"s":{"0":1,"1":1,"7":1,"11":1,"13":2,"15":2,"16":1,"17":1,"18":1,"19":1,"21":1,"22":1,"23":2,"24":1,"27":1},"branchMap":{"0":{"type":"branch","line":12,"loc":{"start":{"line":12,"column":1},"end":{"line":24,"column":2}},"locations":[{"start":{"line":12,"column":1},"end":{"line":24,"column":2}}]},"1":{"type":"branch","line":16,"loc":{"start":{"line":16,"column":29},"end":{"line":23,"column":14}},"locations":[{"start":{"line":16,"column":29},"end":{"line":23,"column":14}}]}},"b":{"0":[2],"1":[1]},"fnMap":{"0":{"name":"getMenu","decl":{"start":{"line":12,"column":1},"end":{"line":24,"column":2}},"loc":{"start":{"line":12,"column":1},"end":{"line":24,"column":2}},"line":12}},"f":{"0":2}},"D:\\Git\\GoPayShortcuts\\frontend\\src\\lib\\features\\navigation\\store.ts":{"path":"D:\\Git\\GoPayShortcuts\\frontend\\src\\lib\\features\\navigation\\store.ts","all":false,"statementMap":{"0":{"start":{"line":1,"column":0},"end":{"line":1,"column":69}},"9":{"start":{"line":10,"column":0},"end":{"line":10,"column":30}},"10":{"start":{"line":11,"column":0},"end":{"line":11,"column":26}},"12":{"start":{"line":13,"column":0},"end":{"line":13,"column":28}},"13":{"start":{"line":14,"column":0},"end":{"line":14,"column":17}},"15":{"start":{"line":16,"column":0},"end":{"line":16,"column":37}},"16":{"start":{"line":17,"column":0},"end":{"line":17,"column":24}},"18":{"start":{"line":19,"column":0},"end":{"line":19,"column":37}},"19":{"start":{"line":20,"column":0},"end":{"line":20,"column":2}},"20":{"start":{"line":21,"column":0},"end":{"line":21,"column":14}},"21":{"start":{"line":22,"column":0},"end":{"line":22,"column":2}},"23":{"start":{"line":24,"column":0},"end":{"line":24,"column":39}},"24":{"start":{"line":25,"column":0},"end":{"line":25,"column":31}},"25":{"start":{"line":26,"column":0},"end":{"line":26,"column":26}},"26":{"start":{"line":27,"column":0},"end":{"line":27,"column":2}},"29":{"start":{"line":30,"column":0},"end":{"line":30,"column":37}},"30":{"start":{"line":31,"column":0},"end":{"line":31,"column":65}},"33":{"start":{"line":34,"column":0},"end":{"line":34,"column":47}},"34":{"start":{"line":35,"column":0},"end":{"line":35,"column":52}},"35":{"start":{"line":36,"column":0},"end":{"line":36,"column":52}},"36":{"start":{"line":37,"column":0},"end":{"line":37,"column":4}},"39":{"start":{"line":40,"column":0},"end":{"line":40,"column":47}},"40":{"start":{"line":41,"column":0},"end":{"line":41,"column":30}},"41":{"start":{"line":42,"column":0},"end":{"line":42,"column":35}},"42":{"start":{"line":43,"column":0},"end":{"line":43,"column":28}},"43":{"start":{"line":44,"column":0},"end":{"line":44,"column":18}},"45":{"start":{"line":46,"column":0},"end":{"line":46,"column":36}},"46":{"start":{"line":47,"column":0},"end":{"line":47,"column":25}},"48":{"start":{"line":49,"column":0},"end":{"line":49,"column":36}},"49":{"start":{"line":50,"column":0},"end":{"line":50,"column":3}},"50":{"start":{"line":51,"column":0},"end":{"line":51,"column":14}},"51":{"start":{"line":52,"column":0},"end":{"line":52,"column":3}},"54":{"start":{"line":55,"column":0},"end":{"line":55,"column":47}},"55":{"start":{"line":56,"column":0},"end":{"line":56,"column":30}},"56":{"start":{"line":57,"column":0},"end":{"line":57,"column":35}},"57":{"start":{"line":58,"column":0},"end":{"line":58,"column":28}},"58":{"start":{"line":59,"column":0},"end":{"line":59,"column":18}},"60":{"start":{"line":61,"column":0},"end":{"line":61,"column":36}},"61":{"start":{"line":62,"column":0},"end":{"line":62,"column":25}},"63":{"start":{"line":64,"column":0},"end":{"line":64,"column":36}},"64":{"start":{"line":65,"column":0},"end":{"line":65,"column":3}},"65":{"start":{"line":66,"column":0},"end":{"line":66,"column":14}},"66":{"start":{"line":67,"column":0},"end":{"line":67,"column":3}},"69":{"start":{"line":70,"column":0},"end":{"line":70,"column":48}},"70":{"start":{"line":71,"column":0},"end":{"line":71,"column":34}},"71":{"start":{"line":72,"column":0},"end":{"line":72,"column":61}},"72":{"start":{"line":73,"column":0},"end":{"line":73,"column":54}},"73":{"start":{"line":74,"column":0},"end":{"line":74,"column":35}},"74":{"start":{"line":75,"column":0},"end":{"line":75,"column":3}},"76":{"start":{"line":77,"column":0},"end":{"line":77,"column":9}},"77":{"start":{"line":78,"column":0},"end":{"line":78,"column":29}},"78":{"start":{"line":79,"column":0},"end":{"line":79,"column":17}},"79":{"start":{"line":80,"column":0},"end":{"line":80,"column":23}},"80":{"start":{"line":81,"column":0},"end":{"line":81,"column":12}},"83":{"start":{"line":84,"column":0},"end":{"line":84,"column":18}},"84":{"start":{"line":85,"column":0},"end":{"line":85,"column":28}},"85":{"start":{"line":86,"column":0},"end":{"line":86,"column":54}},"86":{"start":{"line":87,"column":0},"end":{"line":87,"column":12}},"87":{"start":{"line":88,"column":0},"end":{"line":88,"column":14}},"88":{"start":{"line":89,"column":0},"end":{"line":89,"column":25}},"89":{"start":{"line":90,"column":0},"end":{"line":90,"column":6}},"90":{"start":{"line":91,"column":0},"end":{"line":91,"column":6}},"91":{"start":{"line":92,"column":0},"end":{"line":92,"column":4}},"93":{"start":{"line":94,"column":0},"end":{"line":94,"column":18}},"94":{"start":{"line":95,"column":0},"end":{"line":95,"column":28}},"95":{"start":{"line":96,"column":0},"end":{"line":96,"column":54}},"96":{"start":{"line":97,"column":0},"end":{"line":97,"column":12}},"97":{"start":{"line":98,"column":0},"end":{"line":98,"column":14}},"98":{"start":{"line":99,"column":0},"end":{"line":99,"column":25}},"99":{"start":{"line":100,"column":0},"end":{"line":100,"column":6}},"100":{"start":{"line":101,"column":0},"end":{"line":101,"column":6}},"101":{"start":{"line":102,"column":0},"end":{"line":102,"column":4}},"103":{"start":{"line":104,"column":0},"end":{"line":104,"column":32}},"104":{"start":{"line":105,"column":0},"end":{"line":105,"column":28}},"105":{"start":{"line":106,"column":0},"end":{"line":106,"column":49}},"106":{"start":{"line":107,"column":0},"end":{"line":107,"column":46}},"107":{"start":{"line":108,"column":0},"end":{"line":108,"column":60}},"108":{"start":{"line":109,"column":0},"end":{"line":109,"column":68}},"109":{"start":{"line":110,"column":0},"end":{"line":110,"column":43}},"110":{"start":{"line":111,"column":0},"end":{"line":111,"column":49}},"111":{"start":{"line":112,"column":0},"end":{"line":112,"column":12}},"112":{"start":{"line":113,"column":0},"end":{"line":113,"column":14}},"113":{"start":{"line":114,"column":0},"end":{"line":114,"column":38}},"114":{"start":{"line":115,"column":0},"end":{"line":115,"column":6}},"115":{"start":{"line":116,"column":0},"end":{"line":116,"column":6}},"116":{"start":{"line":117,"column":0},"end":{"line":117,"column":4}},"118":{"start":{"line":119,"column":0},"end":{"line":119,"column":23}},"119":{"start":{"line":120,"column":0},"end":{"line":120,"column":28}},"120":{"start":{"line":121,"column":0},"end":{"line":121,"column":53}},"121":{"start":{"line":122,"column":0},"end":{"line":122,"column":60}},"122":{"start":{"line":123,"column":0},"end":{"line":123,"column":41}},"123":{"start":{"line":124,"column":0},"end":{"line":124,"column":12}},"124":{"start":{"line":125,"column":0},"end":{"line":125,"column":14}},"125":{"start":{"line":126,"column":0},"end":{"line":126,"column":38}},"126":{"start":{"line":127,"column":0},"end":{"line":127,"column":6}},"127":{"start":{"line":128,"column":0},"end":{"line":128,"column":6}},"128":{"start":{"line":129,"column":0},"end":{"line":129,"column":4}},"130":{"start":{"line":131,"column":0},"end":{"line":131,"column":21}},"131":{"start":{"line":132,"column":0},"end":{"line":132,"column":28}},"132":{"start":{"line":133,"column":0},"end":{"line":133,"column":53}},"133":{"start":{"line":134,"column":0},"end":{"line":134,"column":60}},"134":{"start":{"line":135,"column":0},"end":{"line":135,"column":42}},"135":{"start":{"line":136,"column":0},"end":{"line":136,"column":12}},"136":{"start":{"line":137,"column":0},"end":{"line":137,"column":14}},"137":{"start":{"line":138,"column":0},"end":{"line":138,"column":38}},"138":{"start":{"line":139,"column":0},"end":{"line":139,"column":6}},"139":{"start":{"line":140,"column":0},"end":{"line":140,"column":6}},"140":{"start":{"line":141,"column":0},"end":{"line":141,"column":4}},"142":{"start":{"line":143,"column":0},"end":{"line":143,"column":42}},"143":{"start":{"line":144,"column":0},"end":{"line":144,"column":28}},"144":{"start":{"line":145,"column":0},"end":{"line":145,"column":48}},"145":{"start":{"line":146,"column":0},"end":{"line":146,"column":45}},"146":{"start":{"line":147,"column":0},"end":{"line":147,"column":52}},"147":{"start":{"line":148,"column":0},"end":{"line":148,"column":4}},"149":{"start":{"line":150,"column":0},"end":{"line":150,"column":28}},"150":{"start":{"line":151,"column":0},"end":{"line":151,"column":28}},"151":{"start":{"line":152,"column":0},"end":{"line":152,"column":12}},"152":{"start":{"line":153,"column":0},"end":{"line":153,"column":14}},"153":{"start":{"line":154,"column":0},"end":{"line":154,"column":22}},"154":{"start":{"line":155,"column":0},"end":{"line":155,"column":6}},"155":{"start":{"line":156,"column":0},"end":{"line":156,"column":6}},"156":{"start":{"line":157,"column":0},"end":{"line":157,"column":3}},"157":{"start":{"line":158,"column":0},"end":{"line":158,"column":3}},"158":{"start":{"line":159,"column":0},"end":{"line":159,"column":2}},"161":{"start":{"line":162,"column":0},"end":{"line":162,"column":55}}},"s":{"0":1,"9":1,"10":1,"12":1,"13":1,"15":0,"16":1,"18":0,"19":0,"20":1,"21":1,"23":1,"24":1,"25":1,"26":1,"29":1,"30":1,"33":1,"34":0,"35":0,"36":1,"39":1,"40":1,"41":1,"42":1,"43":1,"45":0,"46":1,"48":1,"49":1,"50":1,"51":1,"54":1,"55":1,"56":1,"57":1,"58":1,"60":1,"61":1,"63":0,"64":0,"65":1,"66":1,"69":1,"70":9,"71":9,"72":9,"73":9,"74":9,"76":1,"77":1,"78":1,"79":1,"80":1,"83":1,"84":1,"85":1,"86":1,"87":1,"88":1,"89":1,"90":1,"91":1,"93":1,"94":1,"95":1,"96":1,"97":1,"98":1,"99":1,"100":1,"101":1,"103":1,"104":2,"105":2,"106":2,"107":2,"108":2,"109":2,"110":2,"111":2,"112":2,"113":2,"114":2,"115":2,"116":2,"118":1,"119":1,"120":1,"121":1,"122":1,"123":1,"124":1,"125":1,"126":1,"127":1,"128":1,"130":1,"131":1,"132":1,"133":1,"134":1,"135":1,"136":1,"137":1,"138":1,"139":1,"140":1,"142":1,"143":5,"144":5,"145":5,"146":5,"147":5,"149":1,"150":1,"151":1,"152":1,"153":1,"154":1,"155":1,"156":1,"157":1,"158":1,"161":1},"branchMap":{"0":{"type":"branch","line":10,"loc":{"start":{"line":10,"column":23},"end":{"line":22,"column":2}},"locations":[{"start":{"line":10,"column":23},"end":{"line":22,"column":2}}]},"1":{"type":"branch","line":14,"loc":{"start":{"line":14,"column":16},"end":{"line":17,"column":12}},"locations":[{"start":{"line":14,"column":16},"end":{"line":17,"column":12}}]},"2":{"type":"branch","line":17,"loc":{"start":{"line":17,"column":23},"end":{"line":20,"column":2}},"locations":[{"start":{"line":17,"column":23},"end":{"line":20,"column":2}}]},"3":{"type":"branch","line":30,"loc":{"start":{"line":30,"column":30},"end":{"line":159,"column":2}},"locations":[{"start":{"line":30,"column":30},"end":{"line":159,"column":2}}]},"4":{"type":"branch","line":40,"loc":{"start":{"line":40,"column":24},"end":{"line":52,"column":3}},"locations":[{"start":{"line":40,"column":24},"end":{"line":52,"column":3}}]},"5":{"type":"branch","line":44,"loc":{"start":{"line":44,"column":17},"end":{"line":47,"column":13}},"locations":[{"start":{"line":44,"column":17},"end":{"line":47,"column":13}}]},"6":{"type":"branch","line":55,"loc":{"start":{"line":55,"column":24},"end":{"line":67,"column":3}},"locations":[{"start":{"line":55,"column":24},"end":{"line":67,"column":3}}]},"7":{"type":"branch","line":62,"loc":{"start":{"line":62,"column":2},"end":{"line":65,"column":3}},"locations":[{"start":{"line":62,"column":2},"end":{"line":65,"column":3}}]},"8":{"type":"branch","line":70,"loc":{"start":{"line":70,"column":23},"end":{"line":75,"column":3}},"locations":[{"start":{"line":70,"column":23},"end":{"line":75,"column":3}}]},"9":{"type":"branch","line":84,"loc":{"start":{"line":84,"column":11},"end":{"line":92,"column":4}},"locations":[{"start":{"line":84,"column":11},"end":{"line":92,"column":4}}]},"10":{"type":"branch","line":85,"loc":{"start":{"line":85,"column":16},"end":{"line":91,"column":4}},"locations":[{"start":{"line":85,"column":16},"end":{"line":91,"column":4}}]},"11":{"type":"branch","line":94,"loc":{"start":{"line":94,"column":11},"end":{"line":102,"column":4}},"locations":[{"start":{"line":94,"column":11},"end":{"line":102,"column":4}}]},"12":{"type":"branch","line":95,"loc":{"start":{"line":95,"column":16},"end":{"line":101,"column":4}},"locations":[{"start":{"line":95,"column":16},"end":{"line":101,"column":4}}]},"13":{"type":"branch","line":104,"loc":{"start":{"line":104,"column":
[...]
start":{"line":98,"column":0},"end":{"line":98,"column":42}},"98":{"start":{"line":99,"column":0},"end":{"line":99,"column":66}},"99":{"start":{"line":100,"column":0},"end":{"line":100,"column":90}},"100":{"start":{"line":101,"column":0},"end":{"line":101,"column":5}},"102":{"start":{"line":103,"column":0},"end":{"line":103,"column":54}},"103":{"start":{"line":104,"column":0},"end":{"line":104,"column":72}},"104":{"start":{"line":105,"column":0},"end":{"line":105,"column":57}},"105":{"start":{"line":106,"column":0},"end":{"line":106,"column":33}},"106":{"start":{"line":107,"column":0},"end":{"line":107,"column":35}},"107":{"start":{"line":108,"column":0},"end":{"line":108,"column":5}},"109":{"start":{"line":110,"column":0},"end":{"line":110,"column":55}},"110":{"start":{"line":111,"column":0},"end":{"line":111,"column":72}},"111":{"start":{"line":112,"column":0},"end":{"line":112,"column":57}},"112":{"start":{"line":113,"column":0},"end":{"line":113,"column":32}},"113":{"start":{"line":114,"column":0},"end":{"line":114,"column":36}},"114":{"start":{"line":115,"column":0},"end":{"line":115,"column":5}},"116":{"start":{"line":117,"column":0},"end":{"line":117,"column":71}},"117":{"start":{"line":118,"column":0},"end":{"line":118,"column":29}},"118":{"start":{"line":119,"column":0},"end":{"line":119,"column":51}},"119":{"start":{"line":120,"column":0},"end":{"line":120,"column":50}},"120":{"start":{"line":121,"column":0},"end":{"line":121,"column":6}},"121":{"start":{"line":122,"column":0},"end":{"line":122,"column":29}},"122":{"start":{"line":123,"column":0},"end":{"line":123,"column":67}},"123":{"start":{"line":124,"column":0},"end":{"line":124,"column":68}},"124":{"start":{"line":125,"column":0},"end":{"line":125,"column":6}},"125":{"start":{"line":126,"column":0},"end":{"line":126,"column":52}},"126":{"start":{"line":127,"column":0},"end":{"line":127,"column":56}},"127":{"start":{"line":128,"column":0},"end":{"line":128,"column":59}},"128":{"start":{"line":129,"column":0},"end":{"line":129,"column":5}},"130":{"start":{"line":131,"column":0},"end":{"line":131,"column":48}},"131":{"start":{"line":132,"column":0},"end":{"line":132,"column":72}},"132":{"start":{"line":133,"column":0},"end":{"line":133,"column":29}},"133":{"start":{"line":134,"column":0},"end":{"line":134,"column":45}},"134":{"start":{"line":135,"column":0},"end":{"line":135,"column":52}},"135":{"start":{"line":136,"column":0},"end":{"line":136,"column":6}},"136":{"start":{"line":137,"column":0},"end":{"line":137,"column":52}},"137":{"start":{"line":138,"column":0},"end":{"line":138,"column":33}},"138":{"start":{"line":139,"column":0},"end":{"line":139,"column":35}},"139":{"start":{"line":140,"column":0},"end":{"line":140,"column":5}},"141":{"start":{"line":142,"column":0},"end":{"line":142,"column":57}},"142":{"start":{"line":143,"column":0},"end":{"line":143,"column":29}},"143":{"start":{"line":144,"column":0},"end":{"line":144,"column":45}},"144":{"start":{"line":145,"column":0},"end":{"line":145,"column":45}},"145":{"start":{"line":146,"column":0},"end":{"line":146,"column":6}},"146":{"start":{"line":147,"column":0},"end":{"line":147,"column":72}},"147":{"start":{"line":148,"column":0},"end":{"line":148,"column":52}},"148":{"start":{"line":149,"column":0},"end":{"line":149,"column":32}},"149":{"start":{"line":150,"column":0},"end":{"line":150,"column":36}},"150":{"start":{"line":151,"column":0},"end":{"line":151,"column":5}},"151":{"start":{"line":152,"column":0},"end":{"line":152,"column":4}},"152":{"start":{"line":153,"column":0},"end":{"line":153,"column":3}}},"s":{"0":0,"1":0,"9":0,"10":0,"11":0,"12":0,"13":0,"14":0,"15":0,"16":0,"17":0,"18":0,"20":0,"21":0,"22":0,"23":0,"25":0,"26":0,"27":0,"29":0,"30":0,"31":0,"32":0,"33":0,"34":0,"35":0,"36":0,"37":0,"39":0,"40":0,"41":0,"42":0,"43":0,"44":0,"45":0,"46":0,"47":0,"49":0,"50":0,"51":0,"52":0,"53":0,"54":0,"55":0,"56":0,"58":0,"59":0,"60":0,"61":0,"63":0,"64":0,"65":0,"67":0,"68":0,"69":0,"70":0,"71":0,"72":0,"73":0,"74":0,"75":0,"77":0,"78":0,"79":0,"80":0,"81":0,"82":0,"83":0,"84":0,"85":0,"86":0,"88":0,"89":0,"90":0,"91":0,"92":0,"93":0,"94":0,"95":0,"97":0,"98":0,"99":0,"100":0,"102":0,"103":0,"104":0,"105":0,"106":0,"107":0,"109":0,"110":0,"111":0,"112":0,"113":0,"114":0,"116":0,"117":0,"118":0,"119":0,"120":0,"121":0,"122":0,"123":0,"124":0,"125":0,"126":0,"127":0,"128":0,"130":0,"131":0,"132":0,"133":0,"134":0,"135":0,"136":0,"137":0,"138":0,"139":0,"141":0,"142":0,"143":0,"144":0,"145":0,"146":0,"147":0,"148":0,"149":0,"150":0,"151":0,"152":0},"branchMap":{"0":{"type":"branch","line":1,"loc":{"start":{"line":1,"column":0},"end":{"line":153,"column":-1561}},"locations":[{"start":{"line":1,"column":0},"end":{"line":153,"column":-1561}}]}},"b":{"0":[0]},"fnMap":{"0":{"name":"(empty-report)","decl":{"start":{"line":1,"column":0},"end":{"line":153,"column":-1561}},"loc":{"start":{"line":1,"column":0},"end":{"line":153,"column":-1561}},"line":1}},"f":{"0":0}},"D:\\Git\\GoPayShortcuts\\frontend\\src\\lib\\features\\menu\\models\\menuItem.ts":{"path":"D:\\Git\\GoPayShortcuts\\frontend\\src\\lib\\features\\menu\\models\\menuItem.ts","all":true,"statementMap":{},"s":{},"branchMap":{"0":{"type":"branch","line":1,"loc":{"start":{"line":1,"column":111},"end":{"line":6,"column":1}},"locations":[{"start":{"line":1,"column":111},"end":{"line":6,"column":1}}]}},"b":{"0":[1]},"fnMap":{"0":{"name":"(empty-report)","decl":{"start":{"line":1,"column":111},"end":{"line":6,"column":1}},"loc":{"start":{"line":1,"column":111},"end":{"line":6,"column":1}},"line":1}},"f":{"0":1}},"D:\\Git\\GoPayShortcuts\\frontend\\src\\lib\\core\\notifications\\organisms\\Notifications.svelte":{"path":"D:\\Git\\GoPayShortcuts\\frontend\\src\\lib\\core\\notifications\\organisms\\Notifications.svelte","all":true,"statementMap":{"0":{"start":{"line":1,"column":0},"end":{"line":1,"column":18}},"5":{"start":{"line":6,"column":0},"end":{"line":6,"column":53}},"7":{"start":{"line":8,"column":0},"end":{"line":8,"column":16}},"8":{"start":{"line":9,"column":0},"end":{"line":9,"column":58}},"9":{"start":{"line":10,"column":0},"end":{"line":10,"column":30}},"10":{"start":{"line":11,"column":0},"end":{"line":11,"column":5}},"11":{"start":{"line":12,"column":0},"end":{"line":12,"column":21}},"12":{"start":{"line":13,"column":0},"end":{"line":13,"column":4}},"16":{"start":{"line":17,"column":0},"end":{"line":17,"column":61}},"17":{"start":{"line":18,"column":0},"end":{"line":18,"column":68}}},"s":{"0":0,"5":0,"7":0,"8":0,"9":0,"10":0,"11":0,"12":0,"16":0,"17":0},"branchMap":{"0":{"type":"branch","line":1,"loc":{"start":{"line":1,"column":653},"end":{"line":20,"column":6}},"locations":[{"start":{"line":1,"column":653},"end":{"line":20,"column":6}}]}},"b":{"0":[0]},"fnMap":{"0":{"name":"(empty-report)","decl":{"start":{"line":1,"column":653},"end":{"line":20,"column":6}},"loc":{"start":{"line":1,"column":653},"end":{"line":20,"column":6}},"line":1}},"f":{"0":0}},"D:\\Git\\GoPayShortcuts\\frontend\\src\\lib\\core\\notifications\\molecules\\NotificationItem.svelte":{"path":"D:\\Git\\GoPayShortcuts\\frontend\\src\\lib\\core\\notifications\\molecules\\NotificationItem.svelte","all":true,"statementMap":{"0":{"start":{"line":1,"column":0},"end":{"line":1,"column":18}},"19":{"start":{"line":20,"column":0},"end":{"line":20,"column":53}},"20":{"start":{"line":21,"column":0},"end":{"line":21,"column":54}},"21":{"start":{"line":22,"column":0},"end":{"line":22,"column":49}},"22":{"start":{"line":23,"column":0},"end":{"line":23,"column":46}},"23":{"start":{"line":24,"column":0},"end":{"line":24,"column":53}},"24":{"start":{"line":25,"column":0},"end":{"line":25,"column":43}},"27":{"start":{"line":28,"column":0},"end":{"line":28,"column":28}},"29":{"start":{"line":30,"column":0},"end":{"line":30,"column":51}},"33":{"start":{"line":34,"column":0},"end":{"line":34,"column":27}},"39":{"start":{"line":40,"column":0},"end":{"line":40,"column":71}},"40":{"start":{"line":41,"column":0},"end":{"line":41,"column":21}},"41":{"start":{"line":42,"column":0},"end":{"line":42,"column":45}},"42":{"start":{"line":43,"column":0},"end":{"line":43,"column":31}},"43":{"start":{"line":44,"column":0},"end":{"line":44,"column":7}},"45":{"start":{"line":46,"column":0},"end":{"line":46,"column":90}},"46":{"start":{"line":47,"column":0},"end":{"line":47,"column":93}},"56":{"start":{"line":57,"column":0},"end":{"line":57,"column":41}},"57":{"start":{"line":58,"column":0},"end":{"line":58,"column":44}},"59":{"start":{"line":60,"column":0},"end":{"line":60,"column":53}}},"s":{"0":0,"19":0,"20":0,"21":0,"22":0,"23":0,"24":0,"27":0,"29":0,"33":0,"39":0,"40":0,"41":0,"42":0,"43":0,"45":0,"46":0,"56":0,"57":0,"59":0},"branchMap":{"0":{"type":"branch","line":1,"loc":{"start":{"line":1,"column":1943},"end":{"line":64,"column":6}},"locations":[{"start":{"line":1,"column":1943},"end":{"line":64,"column":6}}]}},"b":{"0":[0]},"fnMap":{"0":{"name":"(empty-report)","decl":{"start":{"line":1,"column":1943},"end":{"line":64,"column":6}},"loc":{"start":{"line":1,"column":1943},"end":{"line":64,"column":6}},"line":1}},"f":{"0":0}},"D:\\Git\\GoPayShortcuts\\frontend\\src\\lib\\features\\auth\\models\\loginResponse.ts":{"path":"D:\\Git\\GoPayShortcuts\\frontend\\src\\lib\\features\\auth\\models\\loginResponse.ts","all":true,"statementMap":{},"s":{},"branchMap":{"0":{"type":"branch","line":1,"loc":{"start":{"line":1,"column":52},"end":{"line":3,"column":1}},"locations":[{"start":{"line":1,"column":52},"end":{"line":3,"column":1}}]}},"b":{"0":[1]},"fnMap":{"0":{"name":"(empty-report)","decl":{"start":{"line":1,"column":52},"end":{"line":3,"column":1}},"loc":{"start":{"line":1,"column":52},"end":{"line":3,"column":1}},"line":1}},"f":{"0":1}}}}
[34m % [39m[2mCoverage report from [22m[33mv8[39m
-------------------|---------|----------|---------|---------|-------------------
File               | % Stmts | % Branch | % Funcs | % Lines | Uncovered Line #s 
-------------------|---------|----------|---------|---------|-------------------
All files          |   28.48 |    64.81 |   53.67 |   28.48 |                   
 ...mponents/atoms |   97.96 |    61.01 |     100 |   97.96 |                   
  Button.svelte    |     100 |      100 |     100 |     100 |                   
  Card.svelte      |     100 |       50 |     100 |     100 | 19-27             
  CardHost.svelte  |     100 |      100 |     100 |     100 |                   
  Icon.svelte      |     100 |    42.85 |     100 |     100 | 48-49,52-57       
  Input.svelte     |   92.72 |    41.66 |     100 |   92.72 | 52-53,77-78       
  Label.svelte     |     100 |    66.66 |     100 |     100 | 38                
  Quantity.svelte  |     100 |    73.33 |     100 |     100 | 31,49             
  Select.svelte    |     100 |    66.66 |     100 |     100 | 44                
 ...ents/molecules |      75 |    66.66 |       0 |      75 |                   
  DayHeader.svelte |       0 |        0 |       0 |       0 | 1-20              
  FormField.svelte |     100 |       80 |     100 |     100 | 26                
 ...ents/organisms |       0 |        0 |       0 |       0 |                   
  ...igator.svelte |       0 |        0 |       0 |       0 | 1-37              
  ...igator.svelte |       0 |        0 |       0 |       0 | 1-55              
 ...ents/templates |       0 |        0 |       0 |       0 |                   
  ...Layout.svelte |       0 |        0 |       0 |       0 | 1-67              
 lib/core/api      |   21.42 |    70.58 |   27.77 |   21.42 |                   
  api.ts           |       0 |        0 |       0 |       0 |                   
  ...lient.spec.ts |       0 |        0 |       0 |       0 | 1-61              
  apiClient.ts     |   64.28 |    91.66 |   30.76 |   64.28 | ...80-100,103-104 
  ...ppers.spec.ts |       0 |        0 |       0 |       0 | 1-73              
  ...lient.spec.ts |       0 |        0 |       0 |       0 | 1-21              
  ordersClient.ts  |       0 |        0 |       0 |       0 | 1-13              
 lib/core/config   |     100 |      100 |     100 |     100 |                   
  environment.ts   |     100 |      100 |     100 |     100 |                   
 lib/core/gestures |       0 |        0 |       0 |       0 |                   
  ...rvice.spec.ts |       0 |        0 |       0 |       0 | 1-44              
  SwipeService.ts  |       0 |        0 |       0 |       0 | 1-49              
  ...Store.spec.ts |       0 |        0 |       0 |       0 | 1-21              
  swipeStore.ts    |       0 |        0 |       0 |       0 | 1-48              
  ....unit.spec.ts |       0 |        0 |       0 |       0 | 1-17              
 ...ding/organisms |     100 |      100 |     100 |     100 |                   
  ...pinner.svelte |     100 |      100 |     100 |     100 |                   
 .../notifications |       0 |        0 |       0 |       0 |                   
  ...Store.spec.ts |       0 |        0 |       0 |       0 | 1-35              
  ...ationStore.ts |       0 |        0 |       0 |       0 | 1-74              
  ....unit.spec.ts |       0 |        0 |       0 |       0 | 1-21              
 ...ions/molecules |       0 |        0 |       0 |       0 |                   
  ...onItem.svelte |       0 |        0 |       0 |       0 | 1-60              
 ...ions/organisms |       0 |        0 |       0 |       0 |                   
  ...ations.svelte |       0 |        0 |       0 |       0 | 1-18              
 ...ore/responsive |       0 |       50 |      50 |       0 |                   
  isMobile.spec.ts |       0 |        0 |       0 |       0 | 1-25              
  isMobile.ts      |       0 |      100 |     100 |       0 | 4-9               
 lib/features/auth |       0 |        0 |       0 |       0 |                   
  ...ectedRoute.ts |       0 |        0 |       0 |       0 | 1-17              
  store.ts         |       0 |        0 |       0 |       0 | 1-148             
 ...es/auth/models |       0 |        0 |       0 |       0 |                   
  loginResponse.ts |       0 |        0 |       0 |       0 |                   
  ...TPResponse.ts |       0 |        0 |       0 |       0 |                   
 ...auth/organisms |     100 |    90.47 |      80 |     100 |                   
  AuthForm.svelte  |     100 |    90.47 |      80 |     100 | 49,81             
 ...auth/templates |     100 |       50 |     100 |     100 |                   
  ...Layout.svelte |     100 |       50 |     100 |     100 | 14                
 ...ures/locations |       0 |    33.33 |   33.33 |       0 |                   
  location.ts      |       0 |        0 |       0 |       0 |                   
  ...rvice.spec.ts |       0 |        0 |       0 |       0 | 1-36              
  ...onsService.ts |       0 |        0 |       0 |       0 | 1-28              
 ...ions/molecules |       0 |        0 |       0 |       0 |                   
  ...onCard.svelte |       0 |        0 |       0 |       0 | 1-84              
 lib/features/menu |     100 |      100 |     100 |     100 |                   
  menuService.ts   |     100 |      100 |     100 |     100 |                   
 ...es/menu/models |       0 |        0 |       0 |       0 |                   
  menuDay.ts       |       0 |        0 |       0 |       0 |                   
  menuItem.ts      |       0 |        0 |       0 |       0 |                   
 ...menu/molecules |       0 |        0 |       0 |       0 |                   
  ...ysMenu.svelte |       0 |        0 |       0 |       0 | 1-106             
 ...res/navigation |    93.6 |    80.76 |     100 |    93.6 |                   
  store.ts         |    93.6 |    80.76 |     100 |    93.6 | ...35-36,46,64-65 
 ...eatures/orders |   81.47 |    75.38 |      80 |   81.47 |                   
  ...Store.spec.ts |     100 |      100 |   57.14 |     100 |                   
  defaultStore.ts  |    85.4 |    62.06 |   83.33 |    85.4 | ...11-218,236-237 
  ...Utils.spec.ts |     100 |      100 |     100 |     100 |                   
  orderUtils.ts    |     100 |    88.23 |     100 |     100 | 14,33             
  ....edge.spec.ts |       0 |        0 |       0 |       0 | 1-97              
  ordersService.ts |     100 |       72 |     100 |     100 | 80-95             
 ...s/orders/atoms |       0 |        0 |       0 |       0 |                   
  ...holder.svelte |       0 |        0 |       0 |       0 | 1-134             
 .../orders/models |       0 |      100 |     100 |       0 |                   
  ...ltTemplate.ts |       0 |      100 |     100 |       0 | 18                
  ...ifiedOrder.ts |       0 |        0 |       0 |       0 |                   
  orderLine.ts     |       0 |        0 |       0 |       0 |                   
  ...rsResponse.ts |       0 |        0 |       0 |       0 |                   
  ...DayRequest.ts |       0 |        0 |       0 |       0 |                   
 ...ders/molecules |       0 |        0 |       0 |       0 |                   
  ...ntrols.svelte |       0 |        0 |       0 |       0 | 1-130             
  ...Editor.svelte |       0 |        0 |       0 |       0 | 1-242             
 ...ders/organisms |       0 |        0 |       0 |       0 |                   
  OrderCard.svelte |       0 |        0 |       0 |       0 | 1-561             
 ...ders/templates |       0 |        0 |       0 |       0 |                   
  ...mplate.svelte |       0 |        0 |       0 |       0 | 1-128             
  ...mplate.svelte |       0 |        0 |       0 |       0 | 1-135             
 ...s/orders/utils |       0 |       50 |      50 |       0 |                   
  ...lator.spec.ts |       0 |        0 |       0 |       0 | 1-153             
  ...Calculator.ts |       0 |      100 |     100 |       0 | 4-64              
 ...tures/products |       0 |       25 |      25 |       0 |                   
  product.ts       |       0 |        0 |       0 |       0 |                   
  ...e.ext.spec.ts |       0 |        0 |       0 |       0 | 1-33              
  ...rvice.spec.ts |       0 |        0 |       0 |       0 | 1-36              
  ...ctsService.ts |       0 |        0 |       0 |       0 | 1-28              
 routes            |       0 |       25 |      25 |       0 |                   
  +layout.svelte   |       0 |        0 |       0 |       0 | 1-35              
  +layout.ts       |       0 |      100 |     100 |       0 | 2-27              
  +page.svelte     |       0 |        0 |       0 |       0 | 1-47              
  +page.ts         |       0 |        0 |       0 |       0 | 1-6               
 routes/debug      |       0 |        0 |       0 |       0 |                   
  +page.svelte     |       0 |        0 |       0 |       0 | 1-419             
  +page.ts         |       0 |        0 |       0 |       0 | 1-20              
 ...es/debug/atoms |       0 |        0 |       0 |       0 |                   
  +page.svelte     |       0 |        0 |       0 |       0 | 1-112             
 ...ebug/molecules |       0 |        0 |       0 |       0 |                   
  +page.svelte     |       0 |        0 |       0 |       0 | 1-104             
 ...ebug/organisms |       0 |        0 |       0 |       0 |                   
  +page.svelte     |       0 |        0 |       0 |       0 | 1-51              
 ...ebug/templates |       0 |        0 |       0 |       0 |                   
  +page.svelte     |       0 |        0 |       0 |       0 | 1-23              
 routes/login      |    23.8 |     37.5 |      60 |    23.8 |                   
  +page.spec.ts    |       0 |        0 |       0 |       0 | 1-66              
  +page.svelte     |   58.13 |    33.33 |   66.66 |   58.13 | ...35,42-46,50-53 
  +page.ts         |       0 |      100 |     100 |       0 | 2-17              
-------------------|---------|----------|---------|---------|-------------------
